Arguments: 
  /Users/wangchunlin/.nvm/versions/node/v16.19.0/bin/node /Users/wangchunlin/.nvm/versions/node/v16.19.0/bin/yarn add @types/sharedb-mongo -D

PATH: 
  /Users/wangchunlin/.nvm/versions/node/v16.19.0/bin:/Users/wangchunlin/.nvm/versions/node/v16.19.0/bin:/opt/homebrew/bin:/usr/local/bin:/usr/bin:/bin:/usr/sbin:/sbin:/Users/wangchunlin/.nvm/versions/node/v16.19.0/bin:/opt/homebrew/bin:/Users/wangchunlin/.cargo/bin

Yarn version: 
  1.22.19

Node version: 
  16.19.0

Platform: 
  darwin arm64

Trace: 
  Error: http://registry.npm.taobao.org/@types%2fsharedb-mongo: Not found
      at Request.params.callback [as _callback] (/Users/wangchunlin/.nvm/versions/node/v16.19.0/lib/node_modules/yarn/lib/cli.js:66145:18)
      at Request.self.callback (/Users/wangchunlin/.nvm/versions/node/v16.19.0/lib/node_modules/yarn/lib/cli.js:140890:22)
      at Request.emit (node:events:513:28)
      at Request.<anonymous> (/Users/wangchunlin/.nvm/versions/node/v16.19.0/lib/node_modules/yarn/lib/cli.js:141862:10)
      at Request.emit (node:events:513:28)
      at IncomingMessage.<anonymous> (/Users/wangchunlin/.nvm/versions/node/v16.19.0/lib/node_modules/yarn/lib/cli.js:141784:12)
      at Object.onceWrapper (node:events:627:28)
      at IncomingMessage.emit (node:events:525:35)
      at endReadableNT (node:internal/streams/readable:1358:12)
      at processTicksAndRejections (node:internal/process/task_queues:83:21)

npm manifest: 
  {
    "name": "share-server",
    "version": "1.0.0",
    "description": "",
    "main": "index.js",
    "scripts": {
      "test": "echo \"Error: no test specified\" && exit 1",
      "dev": "nodemon index.ts"
    },
    "keywords": [],
    "author": "",
    "license": "ISC",
    "dependencies": {
      "@teamwork/websocket-json-stream": "^2.0.0",
      "ot-json1": "^1.0.2",
      "qs": "^6.11.0",
      "sharedb": "^3.2.4",
      "sharedb-mongo": "^2.0.0",
      "url": "^0.11.0",
      "ws": "^8.12.1"
    },
    "devDependencies": {
      "@types/node": "^18.14.1",
      "@types/sharedb": "^3.2.1",
      "@types/ws": "^8.5.4",
      "nodemon": "^2.0.20",
      "ts-node": "^10.9.1",
      "typescript": "^4.9.5"
    }
  }

yarn manifest: 
  No manifest

Lockfile: 
  # THIS IS AN AUTOGENERATED FILE. DO NOT EDIT THIS FILE DIRECTLY.
  # yarn lockfile v1
  
  
  "@aws-crypto/ie11-detection@^3.0.0":
    version "3.0.0"
    resolved "https://registry.npmmirror.com/@aws-crypto/ie11-detection/-/ie11-detection-3.0.0.tgz#640ae66b4ec3395cee6a8e94ebcd9f80c24cd688"
    integrity sha512-341lBBkiY1DfDNKai/wXM3aujNBkXR7tq1URPQDL9wi3AUbI80NR74uF1TXHMm7po1AcnFk8iu2S2IeU/+/A+Q==
    dependencies:
      tslib "^1.11.1"
  
  "@aws-crypto/sha256-browser@3.0.0":
    version "3.0.0"
    resolved "https://registry.npmmirror.com/@aws-crypto/sha256-browser/-/sha256-browser-3.0.0.tgz#05f160138ab893f1c6ba5be57cfd108f05827766"
    integrity sha512-8VLmW2B+gjFbU5uMeqtQM6Nj0/F1bro80xQXCW6CQBWgosFWXTx77aeOF5CAIAmbOK64SdMBJdNr6J41yP5mvQ==
    dependencies:
      "@aws-crypto/ie11-detection" "^3.0.0"
      "@aws-crypto/sha256-js" "^3.0.0"
      "@aws-crypto/supports-web-crypto" "^3.0.0"
      "@aws-crypto/util" "^3.0.0"
      "@aws-sdk/types" "^3.222.0"
      "@aws-sdk/util-locate-window" "^3.0.0"
      "@aws-sdk/util-utf8-browser" "^3.0.0"
      tslib "^1.11.1"
  
  "@aws-crypto/sha256-js@3.0.0", "@aws-crypto/sha256-js@^3.0.0":
    version "3.0.0"
    resolved "https://registry.npmmirror.com/@aws-crypto/sha256-js/-/sha256-js-3.0.0.tgz#f06b84d550d25521e60d2a0e2a90139341e007c2"
    integrity sha512-PnNN7os0+yd1XvXAy23CFOmTbMaDxgxXtTKHybrJ39Y8kGzBATgBFibWJKH6BhytLI/Zyszs87xCOBNyBig6vQ==
    dependencies:
      "@aws-crypto/util" "^3.0.0"
      "@aws-sdk/types" "^3.222.0"
      tslib "^1.11.1"
  
  "@aws-crypto/supports-web-crypto@^3.0.0":
    version "3.0.0"
    resolved "https://registry.npmmirror.com/@aws-crypto/supports-web-crypto/-/supports-web-crypto-3.0.0.tgz#5d1bf825afa8072af2717c3e455f35cda0103ec2"
    integrity sha512-06hBdMwUAb2WFTuGG73LSC0wfPu93xWwo5vL2et9eymgmu3Id5vFAHBbajVWiGhPO37qcsdCap/FqXvJGJWPIg==
    dependencies:
      tslib "^1.11.1"
  
  "@aws-crypto/util@^3.0.0":
    version "3.0.0"
    resolved "https://registry.npmmirror.com/@aws-crypto/util/-/util-3.0.0.tgz#1c7ca90c29293f0883468ad48117937f0fe5bfb0"
    integrity sha512-2OJlpeJpCR48CC8r+uKVChzs9Iungj9wkZrl8Z041DWEWvyIHILYKCPNzJghKsivj+S3mLo6BVc7mBNzdxA46w==
    dependencies:
      "@aws-sdk/types" "^3.222.0"
      "@aws-sdk/util-utf8-browser" "^3.0.0"
      tslib "^1.11.1"
  
  "@aws-sdk/abort-controller@3.272.0":
    version "3.272.0"
    resolved "https://registry.npmmirror.com/@aws-sdk/abort-controller/-/abort-controller-3.272.0.tgz#c2d244e9d422583a786dfb75485316cb1d4793ce"
    integrity sha512-s2TV3phapcTwZNr4qLxbfuQuE9ZMP4RoJdkvRRCkKdm6jslsWLJf2Zlcxti/23hOlINUMYv2iXE2pftIgWGdpg==
    dependencies:
      "@aws-sdk/types" "3.272.0"
      tslib "^2.3.1"
  
  "@aws-sdk/client-cognito-identity@3.279.0":
    version "3.279.0"
    resolved "https://registry.npmmirror.com/@aws-sdk/client-cognito-identity/-/client-cognito-identity-3.279.0.tgz#c7fc1e920d8466e65934f2d272396185e2ab4d1d"
    integrity sha512-MQQdgc3CGDumKutKWlNcDFgNXe2/Tr9TqDGh1EbtXODdxrsT/xQPMghlGCsrTxnPk16zj6OIlS/4h9bTbk6CVg==
    dependencies:
      "@aws-crypto/sha256-browser" "3.0.0"
      "@aws-crypto/sha256-js" "3.0.0"
      "@aws-sdk/client-sts" "3.279.0"
      "@aws-sdk/config-resolver" "3.272.0"
      "@aws-sdk/credential-provider-node" "3.279.0"
      "@aws-sdk/fetch-http-handler" "3.272.0"
      "@aws-sdk/hash-node" "3.272.0"
      "@aws-sdk/invalid-dependency" "3.272.0"
      "@aws-sdk/middleware-content-length" "3.272.0"
      "@aws-sdk/middleware-endpoint" "3.272.0"
      "@aws-sdk/middleware-host-header" "3.278.0"
      "@aws-sdk/middleware-logger" "3.272.0"
      "@aws-sdk/middleware-recursion-detection" "3.272.0"
      "@aws-sdk/middleware-retry" "3.272.0"
      "@aws-sdk/middleware-serde" "3.272.0"
      "@aws-sdk/middleware-signing" "3.272.0"
      "@aws-sdk/middleware-stack" "3.272.0"
      "@aws-sdk/middleware-user-agent" "3.272.0"
      "@aws-sdk/node-config-provider" "3.272.0"
      "@aws-sdk/node-http-handler" "3.272.0"
      "@aws-sdk/protocol-http" "3.272.0"
      "@aws-sdk/smithy-client" "3.279.0"
      "@aws-sdk/types" "3.272.0"
      "@aws-sdk/url-parser" "3.272.0"
      "@aws-sdk/util-base64" "3.208.0"
      "@aws-sdk/util-body-length-browser" "3.188.0"
      "@aws-sdk/util-body-length-node" "3.208.0"
      "@aws-sdk/util-defaults-mode-browser" "3.279.0"
      "@aws-sdk/util-defaults-mode-node" "3.279.0"
      "@aws-sdk/util-endpoints" "3.272.0"
      "@aws-sdk/util-retry" "3.272.0"
      "@aws-sdk/util-user-agent-browser" "3.272.0"
      "@aws-sdk/util-user-agent-node" "3.272.0"
      "@aws-sdk/util-utf8" "3.254.0"
      tslib "^2.3.1"
  
  "@aws-sdk/client-sso-oidc@3.279.0":
    version "3.279.0"
    resolved "https://registry.npmmirror.com/@aws-sdk/client-sso-oidc/-/client-sso-oidc-3.279.0.tgz#358c67172d066968f4439884cdf40299b6822c4e"
    integrity sha512-tC9xKGo3z/HQbJDMvaUrnBSSRX7sOX2YUA2OpJ3T1TTfylLTO70OKjg1G4OMFNiPpJsHonwD7Iud+rnMnUKI0g==
    dependencies:
      "@aws-crypto/sha256-browser" "3.0.0"
      "@aws-crypto/sha256-js" "3.0.0"
      "@aws-sdk/config-resolver" "3.272.0"
      "@aws-sdk/fetch-http-handler" "3.272.0"
      "@aws-sdk/hash-node" "3.272.0"
      "@aws-sdk/invalid-dependency" "3.272.0"
      "@aws-sdk/middleware-content-length" "3.272.0"
      "@aws-sdk/middleware-endpoint" "3.272.0"
      "@aws-sdk/middleware-host-header" "3.278.0"
      "@aws-sdk/middleware-logger" "3.272.0"
      "@aws-sdk/middleware-recursion-detection" "3.272.0"
      "@aws-sdk/middleware-retry" "3.272.0"
      "@aws-sdk/middleware-serde" "3.272.0"
      "@aws-sdk/middleware-stack" "3.272.0"
      "@aws-sdk/middleware-user-agent" "3.272.0"
      "@aws-sdk/node-config-provider" "3.272.0"
      "@aws-sdk/node-http-handler" "3.272.0"
      "@aws-sdk/protocol-http" "3.272.0"
      "@aws-sdk/smithy-client" "3.279.0"
      "@aws-sdk/types" "3.272.0"
      "@aws-sdk/url-parser" "3.272.0"
      "@aws-sdk/util-base64" "3.208.0"
      "@aws-sdk/util-body-length-browser" "3.188.0"
      "@aws-sdk/util-body-length-node" "3.208.0"
      "@aws-sdk/util-defaults-mode-browser" "3.279.0"
      "@aws-sdk/util-defaults-mode-node" "3.279.0"
      "@aws-sdk/util-endpoints" "3.272.0"
      "@aws-sdk/util-retry" "3.272.0"
      "@aws-sdk/util-user-agent-browser" "3.272.0"
      "@aws-sdk/util-user-agent-node" "3.272.0"
      "@aws-sdk/util-utf8" "3.254.0"
      tslib "^2.3.1"
  
  "@aws-sdk/client-sso@3.279.0":
    version "3.279.0"
    resolved "https://registry.npmmirror.com/@aws-sdk/client-sso/-/client-sso-3.279.0.tgz#92c7a8af6859093e7adbf87add9aa3e4a155aa39"
    integrity sha512-599Y5wOrkpjD6p0BTs0X4+Ge9O7jlAPJ2ttI9lfhT2/UEZyqoJHajJs1pMJV75oeZklPOBi8G9jnZcMVJgRpvQ==
    dependencies:
      "@aws-crypto/sha256-browser" "3.0.0"
      "@aws-crypto/sha256-js" "3.0.0"
      "@aws-sdk/config-resolver" "3.272.0"
      "@aws-sdk/fetch-http-handler" "3.272.0"
      "@aws-sdk/hash-node" "3.272.0"
      "@aws-sdk/invalid-dependency" "3.272.0"
      "@aws-sdk/middleware-content-length" "3.272.0"
      "@aws-sdk/middleware-endpoint" "3.272.0"
      "@aws-sdk/middleware-host-header" "3.278.0"
      "@aws-sdk/middleware-logger" "3.272.0"
      "@aws-sdk/middleware-recursion-detection" "3.272.0"
      "@aws-sdk/middleware-retry" "3.272.0"
      "@aws-sdk/middleware-serde" "3.272.0"
      "@aws-sdk/middleware-stack" "3.272.0"
      "@aws-sdk/middleware-user-agent" "3.272.0"
      "@aws-sdk/node-config-provider" "3.272.0"
      "@aws-sdk/node-http-handler" "3.272.0"
      "@aws-sdk/protocol-http" "3.272.0"
      "@aws-sdk/smithy-client" "3.279.0"
      "@aws-sdk/types" "3.272.0"
      "@aws-sdk/url-parser" "3.272.0"
      "@aws-sdk/util-base64" "3.208.0"
      "@aws-sdk/util-body-length-browser" "3.188.0"
      "@aws-sdk/util-body-length-node" "3.208.0"
      "@aws-sdk/util-defaults-mode-browser" "3.279.0"
      "@aws-sdk/util-defaults-mode-node" "3.279.0"
      "@aws-sdk/util-endpoints" "3.272.0"
      "@aws-sdk/util-retry" "3.272.0"
      "@aws-sdk/util-user-agent-browser" "3.272.0"
      "@aws-sdk/util-user-agent-node" "3.272.0"
      "@aws-sdk/util-utf8" "3.254.0"
      tslib "^2.3.1"
  
  "@aws-sdk/client-sts@3.279.0":
    version "3.279.0"
    resolved "https://registry.npmmirror.com/@aws-sdk/client-sts/-/client-sts-3.279.0.tgz#87b0a75f47e2b0a20624cc88f5c117546331571e"
    integrity sha512-y/cI5Gg5WWqmSSDQftCT26wOLu0HSuPY1u6Q4Q97FBIfRC3hYztjYdUDHuTu6qPPT+tdsnWOUy2tr3qamVSQ4g==
    dependencies:
      "@aws-crypto/sha256-browser" "3.0.0"
      "@aws-crypto/sha256-js" "3.0.0"
      "@aws-sdk/config-resolver" "3.272.0"
      "@aws-sdk/credential-provider-node" "3.279.0"
      "@aws-sdk/fetch-http-handler" "3.272.0"
      "@aws-sdk/hash-node" "3.272.0"
      "@aws-sdk/invalid-dependency" "3.272.0"
      "@aws-sdk/middleware-content-length" "3.272.0"
      "@aws-sdk/middleware-endpoint" "3.272.0"
      "@aws-sdk/middleware-host-header" "3.278.0"
      "@aws-sdk/middleware-logger" "3.272.0"
      "@aws-sdk/middleware-recursion-detection" "3.272.0"
      "@aws-sdk/middleware-retry" "3.272.0"
      "@aws-sdk/middleware-sdk-sts" "3.272.0"
      "@aws-sdk/middleware-serde" "3.272.0"
      "@aws-sdk/middleware-signing" "3.272.0"
      "@aws-sdk/middleware-stack" "3.272.0"
      "@aws-sdk/middleware-user-agent" "3.272.0"
      "@aws-sdk/node-config-provider" "3.272.0"
      "@aws-sdk/node-http-handler" "3.272.0"
      "@aws-sdk/protocol-http" "3.272.0"
      "@aws-sdk/smithy-client" "3.279.0"
      "@aws-sdk/types" "3.272.0"
      "@aws-sdk/url-parser" "3.272.0"
      "@aws-sdk/util-base64" "3.208.0"
      "@aws-sdk/util-body-length-browser" "3.188.0"
      "@aws-sdk/util-body-length-node" "3.208.0"
      "@aws-sdk/util-defaults-mode-browser" "3.279.0"
      "@aws-sdk/util-defaults-mode-node" "3.279.0"
      "@aws-sdk/util-endpoints" "3.272.0"
      "@aws-sdk/util-retry" "3.272.0"
      "@aws-sdk/util-user-agent-browser" "3.272.0"
      "@aws-sdk/util-user-agent-node" "3.272.0"
      "@aws-sdk/util-utf8" "3.254.0"
      fast-xml-parser "4.1.2"
      tslib "^2.3.1"
  
  "@aws-sdk/config-resolver@3.272.0":
    version "3.272.0"
    resolved "https://registry.npmmirror.com/@aws-sdk/config-resolver/-/config-resolver-3.272.0.tgz#207af3c70b05c4d93c60fa60201c93dff78802ba"
    integrity sha512-Dr4CffRVNsOp3LRNdpvcH6XuSgXOSLblWliCy/5I86cNl567KVMxujVx6uPrdTXYs2h1rt3MNl6jQGnAiJeTbw==
    dependencies:
      "@aws-sdk/signature-v4" "3.272.0"
      "@aws-sdk/types" "3.272.0"
      "@aws-sdk/util-config-provider" "3.208.0"
      "@aws-sdk/util-middleware" "3.272.0"
      tslib "^2.3.1"
  
  "@aws-sdk/credential-provider-cognito-identity@3.279.0":
    version "3.279.0"
    resolved "https://registry.npmmirror.com/@aws-sdk/credential-provider-cognito-identity/-/credential-provider-cognito-identity-3.279.0.tgz#941876f7ca56d72eebb051ee51c52e52fada4e2e"
    integrity sha512-RhpKmIM1RfrmbtTXiDK3qyx9aJcZlvHpP18Axbjokld7R6YEdMpv8piB8v19kd6zl0e9xPNrX9At6UOFsXpeJw==
    dependencies:
      "@aws-sdk/client-cognito-identity" "3.279.0"
      "@aws-sdk/property-provider" "3.272.0"
      "@aws-sdk/types" "3.272.0"
      tslib "^2.3.1"
  
  "@aws-sdk/credential-provider-env@3.272.0":
    version "3.272.0"
    resolved "https://registry.npmmirror.com/@aws-sdk/credential-provider-env/-/credential-provider-env-3.272.0.tgz#c647799806d2cf491b9b0d8d32682393caf74e20"
    integrity sha512-QI65NbLnKLYHyTYhXaaUrq6eVsCCrMUb05WDA7+TJkWkjXesovpjc8vUKgFiLSxmgKmb2uOhHNcDyObKMrYQFw==
    dependencies:
      "@aws-sdk/property-provider" "3.272.0"
      "@aws-sdk/types" "3.272.0"
      tslib "^2.3.1"
  
  "@aws-sdk/credential-provider-imds@3.272.0":
    version "3.272.0"
    resolved "https://registry.npmmirror.com/@aws-sdk/credential-provider-imds/-/credential-provider-imds-3.272.0.tgz#8e740961c2e1f9b93a467e8d5e836e359e18592c"
    integrity sha512-wwAfVY1jTFQEfxVfdYD5r5ieYGl+0g4nhekVxNMqE8E1JeRDd18OqiwAflzpgBIqxfqvCUkf+vl5JYyacMkNAQ==
    dependencies:
      "@aws-sdk/node-config-provider" "3.272.0"
      "@aws-sdk/property-provider" "3.272.0"
      "@aws-sdk/types" "3.272.0"
      "@aws-sdk/url-parser" "3.272.0"
      tslib "^2.3.1"
  
  "@aws-sdk/credential-provider-ini@3.279.0":
    version "3.279.0"
    resolved "https://registry.npmmirror.com/@aws-sdk/credential-provider-ini/-/credential-provider-ini-3.279.0.tgz#22e477be3b9642a7509aad64d69bd7624cdfafd1"
    integrity sha512-FCpr3/khMTb2pWLMC138wU7HzcpkrjejrBNfCJSUu7Emxm039UMLjT2JObnRKxidKlz58oYBRayVIbBYRWREcg==
    dependencies:
      "@aws-sdk/credential-provider-env" "3.272.0"
      "@aws-sdk/credential-provider-imds" "3.272.0"
      "@aws-sdk/credential-provider-process" "3.272.0"
      "@aws-sdk/credential-provider-sso" "3.279.0"
      "@aws-sdk/credential-provider-web-identity" "3.272.0"
      "@aws-sdk/property-provider" "3.272.0"
      "@aws-sdk/shared-ini-file-loader" "3.272.0"
      "@aws-sdk/types" "3.272.0"
      tslib "^2.3.1"
  
  "@aws-sdk/credential-provider-node@3.279.0":
    version "3.279.0"
    resolved "https://registry.npmmirror.com/@aws-sdk/credential-provider-node/-/credential-provider-node-3.279.0.tgz#46e6d477f2a94878f3635598a371d34df6e6ace3"
    integrity sha512-7D8ETopCt3H+x2BEPMEhzc4dcNtSK7umnRdgfiTGRjcQSVPh5Whq/tDIAtNj2D+PmLgu3e+Hk7jrXkaMCDlxMw==
    dependencies:
      "@aws-sdk/credential-provider-env" "3.272.0"
      "@aws-sdk/credential-provider-imds" "3.272.0"
      "@aws-sdk/credential-provider-ini" "3.279.0"
      "@aws-sdk/credential-provider-process" "3.272.0"
      "@aws-sdk/credential-provider-sso" "3.279.0"
      "@aws-sdk/credential-provider-web-identity" "3.272.0"
      "@aws-sdk/property-provider" "3.272.0"
      "@aws-sdk/shared-ini-file-loader" "3.272.0"
      "@aws-sdk/types" "3.272.0"
      tslib "^2.3.1"
  
  "@aws-sdk/credential-provider-process@3.272.0":
    version "3.272.0"
    resolved "https://registry.npmmirror.com/@aws-sdk/credential-provider-process/-/credential-provider-process-3.272.0.tgz#bd0c859554e705c085f0e2ad5dad7e1e43c967ad"
    integrity sha512-hiCAjWWm2PeBFp5cjkxqyam/XADjiS+e7GzwC34TbZn3LisS0uoweLojj9tD11NnnUhyhbLteUvu5+rotOLwrg==
    dependencies:
      "@aws-sdk/property-provider" "3.272.0"
      "@aws-sdk/shared-ini-file-loader" "3.272.0"
      "@aws-sdk/types" "3.272.0"
      tslib "^2.3.1"
  
  "@aws-sdk/credential-provider-sso@3.279.0":
    version "3.279.0"
    resolved "https://registry.npmmirror.com/@aws-sdk/credential-provider-sso/-/credential-provider-sso-3.279.0.tgz#e0eb3928a86c3978f77dd218ed84c306ebdfb44c"
    integrity sha512-u8ZHz9Sv7sAv2vllyzcdgcO1pC5pa2UuoYKfz9J8hqLHc8VJYtYQ6WJvi4GoA55VDPk87pyVYz9t6ATntsukaw==
    dependencies:
      "@aws-sdk/client-sso" "3.279.0"
      "@aws-sdk/property-provider" "3.272.0"
      "@aws-sdk/shared-ini-file-loader" "3.272.0"
      "@aws-sdk/token-providers" "3.279.0"
      "@aws-sdk/types" "3.272.0"
      tslib "^2.3.1"
  
  "@aws-sdk/credential-provider-web-identity@3.272.0":
    version "3.272.0"
    resolved "https://registry.npmmirror.com/@aws-sdk/credential-provider-web-identity/-/credential-provider-web-identity-3.272.0.tgz#2a1d8f73654c2d50bf27c6355a550bc389d6057e"
    integrity sha512-ImrHMkcgneGa/HadHAQXPwOrX26sAKuB8qlMxZF/ZCM2B55u8deY+ZVkVuraeKb7YsahMGehPFOfRAF6mvFI5Q==
    dependencies:
      "@aws-sdk/property-provider" "3.272.0"
      "@aws-sdk/types" "3.272.0"
      tslib "^2.3.1"
  
  "@aws-sdk/credential-providers@^3.186.0":
    version "3.279.0"
    resolved "https://registry.npmmirror.com/@aws-sdk/credential-providers/-/credential-providers-3.279.0.tgz#1c703e7638eabe4ccda071badbcdc48e14c0d601"
    integrity sha512-iZI7hrP7oEP2zzStuiEWklVQY3HqIX02PxQiGMgW9/6Bb+2xBpZykIkBBmqaOKlNF/us1TJS6WDOylL1Z1EcIw==
    dependencies:
      "@aws-sdk/client-cognito-identity" "3.279.0"
      "@aws-sdk/client-sso" "3.279.0"
      "@aws-sdk/client-sts" "3.279.0"
      "@aws-sdk/credential-provider-cognito-identity" "3.279.0"
      "@aws-sdk/credential-provider-env" "3.272.0"
      "@aws-sdk/credential-provider-imds" "3.272.0"
      "@aws-sdk/credential-provider-ini" "3.279.0"
      "@aws-sdk/credential-provider-node" "3.279.0"
      "@aws-sdk/credential-provider-process" "3.272.0"
      "@aws-sdk/credential-provider-sso" "3.279.0"
      "@aws-sdk/credential-provider-web-identity" "3.272.0"
      "@aws-sdk/property-provider" "3.272.0"
      "@aws-sdk/shared-ini-file-loader" "3.272.0"
      "@aws-sdk/types" "3.272.0"
      tslib "^2.3.1"
  
  "@aws-sdk/fetch-http-handler@3.272.0":
    version "3.272.0"
    resolved "https://registry.npmmirror.com/@aws-sdk/fetch-http-handler/-/fetch-http-handler-3.272.0.tgz#52ec2ba4ea25738a91db466a617bd7cc2bd6d2e9"
    integrity sha512-1Qhm9e0RbS1Xf4CZqUbQyUMkDLd7GrsRXWIvm9b86/vgeV8/WnjO3CMue9D51nYgcyQORhYXv6uVjAYCWbUExA==
    dependencies:
      "@aws-sdk/protocol-http" "3.272.0"
      "@aws-sdk/querystring-builder" "3.272.0"
      "@aws-sdk/types" "3.272.0"
      "@aws-sdk/util-base64" "3.208.0"
      tslib "^2.3.1"
  
  "@aws-sdk/hash-node@3.272.0":
    version "3.272.0"
    resolved "https://registry.npmmirror.com/@aws-sdk/hash-node/-/hash-node-3.272.0.tgz#a39d80fd118ad306f17191f0565ea4db88aa0563"
    integrity sha512-40dwND+iAm3VtPHPZu7/+CIdVJFk2s0cWZt1lOiMPMSXycSYJ45wMk7Lly3uoqRx0uWfFK5iT2OCv+fJi5jTng==
    dependencies:
      "@aws-sdk/types" "3.272.0"
      "@aws-sdk/util-buffer-from" "3.208.0"
      "@aws-sdk/util-utf8" "3.254.0"
      tslib "^2.3.1"
  
  "@aws-sdk/invalid-dependency@3.272.0":
    version "3.272.0"
    resolved "https://registry.npmmirror.com/@aws-sdk/invalid-dependency/-/invalid-dependency-3.272.0.tgz#93b34dc0f78d0c44a4beae6dc75dde4801915f1c"
    integrity sha512-ysW6wbjl1Y78txHUQ/Tldj2Rg1BI7rpMO9B9xAF6yAX3mQ7t6SUPQG/ewOGvH2208NBIl3qP5e/hDf0Q6r/1iw==
    dependencies:
      "@aws-sdk/types" "3.272.0"
      tslib "^2.3.1"
  
  "@aws-sdk/is-array-buffer@3.201.0":
    version "3.201.0"
    resolved "https://registry.npmmirror.com/@aws-sdk/is-array-buffer/-/is-array-buffer-3.201.0.tgz#06e557adc284fac2f26071c2944ae01f61b95854"
    integrity sha512-UPez5qLh3dNgt0DYnPD/q0mVJY84rA17QE26hVNOW3fAji8W2wrwrxdacWOxyXvlxWsVRcKmr+lay1MDqpAMfg==
    dependencies:
      tslib "^2.3.1"
  
  "@aws-sdk/middleware-content-length@3.272.0":
    version "3.272.0"
    resolved "https://registry.npmmirror.com/@aws-sdk/middleware-content-length/-/middleware-content-length-3.272.0.tgz#400532904c505d3478ddf5c8fe1d703692ea87e8"
    integrity sha512-sAbDZSTNmLX+UTGwlUHJBWy0QGQkiClpHwVFXACon+aG0ySLNeRKEVYs6NCPYldw4cj6hveLUn50cX44ukHErw==
    dependencies:
      "@aws-sdk/protocol-http" "3.272.0"
      "@aws-sdk/types" "3.272.0"
      tslib "^2.3.1"
  
  "@aws-sdk/middleware-endpoint@3.272.0":
    version "3.272.0"
    resolved "https://registry.npmmirror.com/@aws-sdk/middleware-endpoint/-/middleware-endpoint-3.272.0.tgz#3d10dff07eeb6239b39b2e2762b11d97f19e4a56"
    integrity sha512-Dk3JVjj7SxxoUKv3xGiOeBksvPtFhTDrVW75XJ98Ymv8gJH5L1sq4hIeJAHRKogGiRFq2J73mnZSlM9FVXEylg==
    dependencies:
      "@aws-sdk/middleware-serde" "3.272.0"
      "@aws-sdk/protocol-http" "3.272.0"
      "@aws-sdk/signature-v4" "3.272.0"
      "@aws-sdk/types" "3.272.0"
      "@aws-sdk/url-parser" "3.272.0"
      "@aws-sdk/util-config-provider" "3.208.0"
      "@aws-sdk/util-middleware" "3.272.0"
      tslib "^2.3.1"
  
  "@aws-sdk/middleware-host-header@3.278.0":
    version "3.278.0"
    resolved "https://registry.npmmirror.com/@aws-sdk/middleware-host-header/-/middleware-host-header-3.278.0.tgz#d941a952d3f26453a4fff5939951e4bf99d7ce65"
    integrity sha512-oTkF3exy89KE8NgSeXFwD+0H0GRKL2qUw92t3caEj7+4KzU/0m3t7NtKlq2NLRtTJhZ/izYRpV536oogLzGm3g==
    dependencies:
      "@aws-sdk/protocol-http" "3.272.0"
      "@aws-sdk/types" "3.272.0"
      tslib "^2.3.1"
  
  "@aws-sdk/middleware-logger@3.272.0":
    version "3.272.0"
    resolved "https://registry.npmmirror.com/@aws-sdk/middleware-logger/-/middleware-logger-3.272.0.tgz#372e2514b17b826a2b40562667e2543125980705"
    integrity sha512-u2SQ0hWrFwxbxxYMG5uMEgf01pQY5jauK/LYWgGIvuCmFgiyRQQP3oN7kkmsxnS9MWmNmhbyQguX2NY02s5e9w==
    dependencies:
      "@aws-sdk/types" "3.272.0"
      tslib "^2.3.1"
  
  "@aws-sdk/middleware-recursion-detection@3.272.0":
    version "3.272.0"
    resolved "https://registry.npmmirror.com/@aws-sdk/middleware-recursion-detection/-/middleware-recursion-detection-3.272.0.tgz#1e6ddc66a11fa2bfd2a59607d2ac5603be6d1072"
    integrity sha512-Gp/eKWeUWVNiiBdmUM2qLkBv+VLSJKoWAO+aKmyxxwjjmWhE0FrfA1NQ1a3g+NGMhRbAfQdaYswRAKsul70ISg==
    dependencies:
      "@aws-sdk/protocol-http" "3.272.0"
      "@aws-sdk/types" "3.272.0"
      tslib "^2.3.1"
  
  "@aws-sdk/middleware-retry@3.272.0":
    version "3.272.0"
    resolved "https://registry.npmmirror.com/@aws-sdk/middleware-retry/-/middleware-retry-3.272.0.tgz#a38adcb9eb478246de3f3398bb8fd0a7682462eb"
    integrity sha512-pCGvHM7C76VbO/dFerH+Vwf7tGv7j+e+eGrvhQ35mRghCtfIou/WMfTZlD1TNee93crrAQQVZKjtW3dMB3WCzg==
    dependencies:
      "@aws-sdk/protocol-http" "3.272.0"
      "@aws-sdk/service-error-classification" "3.272.0"
      "@aws-sdk/types" "3.272.0"
      "@aws-sdk/util-middleware" "3.272.0"
      "@aws-sdk/util-retry" "3.272.0"
      tslib "^2.3.1"
      uuid "^8.3.2"
  
  "@aws-sdk/middleware-sdk-sts@3.272.0":
    version "3.272.0"
    resolved "https://registry.npmmirror.com/@aws-sdk/middleware-sdk-sts/-/middleware-sdk-sts-3.272.0.tgz#aa437331f958e3af3b4bec7951256d0f34a8d431"
    integrity sha512-VvYPg7LrDIjUOWueSzo2wBzcNG7dw+cmzV6zAKaLxf0RC5jeAP4hE0OzDiiZfDrjNghEzgq/V+0NO+LewqYL9Q==
    dependencies:
      "@aws-sdk/middleware-signing" "3.272.0"
      "@aws-sdk/property-provider" "3.272.0"
      "@aws-sdk/protocol-http" "3.272.0"
      "@aws-sdk/signature-v4" "3.272.0"
      "@aws-sdk/types" "3.272.0"
      tslib "^2.3.1"
  
  "@aws-sdk/middleware-serde@3.272.0":
    version "3.272.0"
    resolved "https://registry.npmmirror.com/@aws-sdk/middleware-serde/-/middleware-serde-3.272.0.tgz#9cb23aaa93fbf404fdb8e01b514b36b2d6fb5bc8"
    integrity sha512-kW1uOxgPSwtXPB5rm3QLdWomu42lkYpQL94tM1BjyFOWmBLO2lQhk5a7Dw6HkTozT9a+vxtscLChRa6KZe61Hw==
    dependencies:
      "@aws-sdk/types" "3.272.0"
      tslib "^2.3.1"
  
  "@aws-sdk/middleware-signing@3.272.0":
    version "3.272.0"
    resolved "https://registry.npmmirror.com/@aws-sdk/middleware-signing/-/middleware-signing-3.272.0.tgz#ce632b547d5a091b4bda9d65cb4745445ab5d237"
    integrity sha512-4LChFK4VAR91X+dupqM8fQqYhFGE0G4Bf9rQlVTgGSbi2KUOmpqXzH0/WKE228nKuEhmH8+Qd2VPSAE2JcyAUA==
    dependencies:
      "@aws-sdk/property-provider" "3.272.0"
      "@aws-sdk/protocol-http" "3.272.0"
      "@aws-sdk/signature-v4" "3.272.0"
      "@aws-sdk/types" "3.272.0"
      "@aws-sdk/util-middleware" "3.272.0"
      tslib "^2.3.1"
  
  "@aws-sdk/middleware-stack@3.272.0":
    version "3.272.0"
    resolved "https://registry.npmmirror.com/@aws-sdk/middleware-stack/-/middleware-stack-3.272.0.tgz#e62048e47b8ce2ff71d6d32234b6c0be70b0b008"
    integrity sha512-jhwhknnPBGhfXAGV5GXUWfEhDFoP/DN8MPCO2yC5OAxyp6oVJ8lTPLkZYMTW5VL0c0eG44dXpF4Ib01V+PlDrQ==
    dependencies:
      tslib "^2.3.1"
  
  "@aws-sdk/middleware-user-agent@3.272.0":
    version "3.272.0"
    resolved "https://registry.npmmirror.com/@aws-sdk/middleware-user-agent/-/middleware-user-agent-3.272.0.tgz#ea49970c9dbbe4e8fce21763e2ff0d7acab057c2"
    integrity sha512-Qy7/0fsDJxY5l0bEk7WKDfqb4Os/sCAgFR2zEvrhDtbkhYPf72ysvg/nRUTncmCbo8tOok4SJii2myk8KMfjjw==
    dependencies:
      "@aws-sdk/protocol-http" "3.272.0"
      "@aws-sdk/types" "3.272.0"
      tslib "^2.3.1"
  
  "@aws-sdk/node-config-provider@3.272.0":
    version "3.272.0"
    resolved "https://registry.npmmirror.com/@aws-sdk/node-config-provider/-/node-config-provider-3.272.0.tgz#7797a8f500593b1a7b91fc70bcd7a7245afd9a61"
    integrity sha512-YYCIBh9g1EQo7hm2l22HX5Yr9RoPQ2RCvhzKvF1n1e8t1QH4iObQrYUtqHG4khcm64Cft8C5MwZmgzHbya5Z6Q==
    dependencies:
      "@aws-sdk/property-provider" "3.272.0"
      "@aws-sdk/shared-ini-file-loader" "3.272.0"
      "@aws-sdk/types" "3.272.0"
      tslib "^2.3.1"
  
  "@aws-sdk/node-http-handler@3.272.0":
    version "3.272.0"
    resolved "https://registry.npmmirror.com/@aws-sdk/node-http-handler/-/node-http-handler-3.272.0.tgz#732c7010310da292d4a6c30f915078e1792d029e"
    integrity sha512-VrW9PjhhngeyYp4yGYPe5S0vgZH6NwU3Po9xAgayUeE37Inr7LS1YteFMHdpgsUUeNXnh7d06CXqHo1XjtqOKA==
    dependencies:
      "@aws-sdk/abort-controller" "3.272.0"
      "@aws-sdk/protocol-http" "3.272.0"
      "@aws-sdk/querystring-builder" "3.272.0"
      "@aws-sdk/types" "3.272.0"
      tslib "^2.3.1"
  
  "@aws-sdk/property-provider@3.272.0":
    version "3.272.0"
    resolved "https://registry.npmmirror.com/@aws-sdk/property-provider/-/property-provider-3.272.0.tgz#a626604303acfe83c1a1471f99872dee5641c1a4"
    integrity sha512-V1pZTaH5eqpAt8O8CzbItHhOtzIfFuWymvwZFkAtwKuaHpnl7jjrTouV482zoq8AD/fF+VVSshwBKYA7bhidIw==
    dependencies:
      "@aws-sdk/types" "3.272.0"
      tslib "^2.3.1"
  
  "@aws-sdk/protocol-http@3.272.0":
    version "3.272.0"
    resolved "https://registry.npmmirror.com/@aws-sdk/protocol-http/-/protocol-http-3.272.0.tgz#11090fed5d1e20f9f8e97b479e1d6fb2247686f6"
    integrity sha512-4JQ54v5Yn08jspNDeHo45CaSn1CvTJqS1Ywgr79eU6jBExtguOWv6LNtwVSBD9X37v88iqaxt8iu1Z3pZZAJeg==
    dependencies:
      "@aws-sdk/types" "3.272.0"
      tslib "^2.3.1"
  
  "@aws-sdk/querystring-builder@3.272.0":
    version "3.272.0"
    resolved "https://registry.npmmirror.com/@aws-sdk/querystring-builder/-/querystring-builder-3.272.0.tgz#788ca037e21942bb039c920c5dfa4d412b84ea27"
    integrity sha512-ndo++7GkdCj5tBXE6rGcITpSpZS4PfyV38wntGYAlj9liL1omk3bLZRY6uzqqkJpVHqbg2fD7O2qHNItzZgqhw==
    dependencies:
      "@aws-sdk/types" "3.272.0"
      "@aws-sdk/util-uri-escape" "3.201.0"
      tslib "^2.3.1"
  
  "@aws-sdk/querystring-parser@3.272.0":
    version "3.272.0"
    resolved "https://registry.npmmirror.com/@aws-sdk/querystring-parser/-/querystring-parser-3.272.0.tgz#68db5798d10a353c35f62bf34cfcebaa53580e51"
    integrity sha512-5oS4/9n6N1LZW9tI3qq/0GnCuWoOXRgcHVB+AJLRBvDbEe+GI+C/xK1tKLsfpDNgsQJHc4IPQoIt4megyZ/1+A==
    dependencies:
      "@aws-sdk/types" "3.272.0"
      tslib "^2.3.1"
  
  "@aws-sdk/service-error-classification@3.272.0":
    version "3.272.0"
    resolved "https://registry.npmmirror.com/@aws-sdk/service-error-classification/-/service-error-classification-3.272.0.tgz#cf19b82c2ab1e63bb03793c68e6a2b2e7cbd8382"
    integrity sha512-REoltM1LK9byyIufLqx9znhSolPcHQgVHIA2S0zu5sdt5qER4OubkLAXuo4MBbisUTmh8VOOvIyUb5ijZCXq1w==
  
  "@aws-sdk/shared-ini-file-loader@3.272.0":
    version "3.272.0"
    resolved "https://registry.npmmirror.com/@aws-sdk/shared-ini-file-loader/-/shared-ini-file-loader-3.272.0.tgz#f924ec6e7c183ec749d42e204d8f0d0b7c58fa25"
    integrity sha512-lzFPohp5sy2XvwFjZIzLVCRpC0i5cwBiaXmFzXYQZJm6FSCszHO4ax+m9yrtlyVFF/2YPWl+/bzNthy4aJtseA==
    dependencies:
      "@aws-sdk/types" "3.272.0"
      tslib "^2.3.1"
  
  "@aws-sdk/signature-v4@3.272.0":
    version "3.272.0"
    resolved "https://registry.npmmirror.com/@aws-sdk/signature-v4/-/signature-v4-3.272.0.tgz#751895d68c1d1122f1e9a0148146dbdf9db023ae"
    integrity sha512-pWxnHG1NqJWMwlhJ6NHNiUikOL00DHROmxah6krJPMPq4I3am2KY2Rs/8ouWhnEXKaHAv4EQhSALJ+7Mq5S4/A==
    dependencies:
      "@aws-sdk/is-array-buffer" "3.201.0"
      "@aws-sdk/types" "3.272.0"
      "@aws-sdk/util-hex-encoding" "3.201.0"
      "@aws-sdk/util-middleware" "3.272.0"
      "@aws-sdk/util-uri-escape" "3.201.0"
      "@aws-sdk/util-utf8" "3.254.0"
      tslib "^2.3.1"
  
  "@aws-sdk/smithy-client@3.279.0":
    version "3.279.0"
    resolved "https://registry.npmmirror.com/@aws-sdk/smithy-client/-/smithy-client-3.279.0.tgz#a3d90b7fb8e335cb8da46b70133c3db0d4ada8c5"
    integrity sha512-ZcYWUQDGAYN6NXRpJuSn46PetrpPCA6TrDVwP9+3pERzTXZ66npXoG2XhHjNrOXy/Ted5A3OxKrM4/zLu9tK3A==
    dependencies:
      "@aws-sdk/middleware-stack" "3.272.0"
      "@aws-sdk/types" "3.272.0"
      tslib "^2.3.1"
  
  "@aws-sdk/token-providers@3.279.0":
    version "3.279.0"
    resolved "https://registry.npmmirror.com/@aws-sdk/token-providers/-/token-providers-3.279.0.tgz#721194bc67100dbf8b563857bf71900de6735261"
    integrity sha512-bsUlZSizTXZ8Pehdatcioi8VphxYn7fRjo5L083peOvBjoL+9WSGyP74PLrFLNwA35QxddwOqgnpQZoE1heuPQ==
    dependencies:
      "@aws-sdk/client-sso-oidc" "3.279.0"
      "@aws-sdk/property-provider" "3.272.0"
      "@aws-sdk/shared-ini-file-loader" "3.272.0"
      "@aws-sdk/types" "3.272.0"
      tslib "^2.3.1"
  
  "@aws-sdk/types@3.272.0", "@aws-sdk/types@^3.222.0":
    version "3.272.0"
    resolved "https://registry.npmmirror.com/@aws-sdk/types/-/types-3.272.0.tgz#83670e4009c2e72f1fdf55816c55c9f8b5935e0a"
    integrity sha512-MmmL6vxMGP5Bsi+4wRx4mxYlU/LX6M0noOXrDh/x5FfG7/4ZOar/nDxqDadhJtNM88cuWVHZWY59P54JzkGWmA==
    dependencies:
      tslib "^2.3.1"
  
  "@aws-sdk/url-parser@3.272.0":
    version "3.272.0"
    resolved "https://registry.npmmirror.com/@aws-sdk/url-parser/-/url-parser-3.272.0.tgz#1a21abb8815ccc2c1344a3dfab0343f4e3eff4d3"
    integrity sha512-vX/Tx02PlnQ/Kgtf5TnrNDHPNbY+amLZjW0Z1d9vzAvSZhQ4i9Y18yxoRDIaDTCNVRDjdhV8iuctW+05PB5JtQ==
    dependencies:
      "@aws-sdk/querystring-parser" "3.272.0"
      "@aws-sdk/types" "3.272.0"
      tslib "^2.3.1"
  
  "@aws-sdk/util-base64@3.208.0":
    version "3.208.0"
    resolved "https://registry.npmmirror.com/@aws-sdk/util-base64/-/util-base64-3.208.0.tgz#36b430e5396251f761590f7c2f0c5c12193f353c"
    integrity sha512-PQniZph5A6N7uuEOQi+1hnMz/FSOK/8kMFyFO+4DgA1dZ5pcKcn5wiFwHkcTb/BsgVqQa3Jx0VHNnvhlS8JyTg==
    dependencies:
      "@aws-sdk/util-buffer-from" "3.208.0"
      tslib "^2.3.1"
  
  "@aws-sdk/util-body-length-browser@3.188.0":
    version "3.188.0"
    resolved "https://registry.npmmirror.com/@aws-sdk/util-body-length-browser/-/util-body-length-browser-3.188.0.tgz#e1d949318c10a621b38575a9ef01e39f9857ddb0"
    integrity sha512-8VpnwFWXhnZ/iRSl9mTf+VKOX9wDE8QtN4bj9pBfxwf90H1X7E8T6NkiZD3k+HubYf2J94e7DbeHs7fuCPW5Qg==
    dependencies:
      tslib "^2.3.1"
  
  "@aws-sdk/util-body-length-node@3.208.0":
    version "3.208.0"
    resolved "https://registry.npmmirror.com/@aws-sdk/util-body-length-node/-/util-body-length-node-3.208.0.tgz#baabd1fa1206ff2bd4ce3785122d86eb3258dd20"
    integrity sha512-3zj50e5g7t/MQf53SsuuSf0hEELzMtD8RX8C76f12OSRo2Bca4FLLYHe0TZbxcfQHom8/hOaeZEyTyMogMglqg==
    dependencies:
      tslib "^2.3.1"
  
  "@aws-sdk/util-buffer-from@3.208.0":
    version "3.208.0"
    resolved "https://registry.npmmirror.com/@aws-sdk/util-buffer-from/-/util-buffer-from-3.208.0.tgz#285e86f6dc9030148a4147d65239e75cb254a1b0"
    integrity sha512-7L0XUixNEFcLUGPeBF35enCvB9Xl+K6SQsmbrPk1P3mlV9mguWSDQqbOBwY1Ir0OVbD6H/ZOQU7hI/9RtRI0Zw==
    dependencies:
      "@aws-sdk/is-array-buffer" "3.201.0"
      tslib "^2.3.1"
  
  "@aws-sdk/util-config-provider@3.208.0":
    version "3.208.0"
    resolved "https://registry.npmmirror.com/@aws-sdk/util-config-provider/-/util-config-provider-3.208.0.tgz#c485fd83fbac051337e5f6be60ea3f9fa61c0139"
    integrity sha512-DSRqwrERUsT34ug+anlMBIFooBEGwM8GejC7q00Y/9IPrQy50KnG5PW2NiTjuLKNi7pdEOlwTSEocJE15eDZIg==
    dependencies:
      tslib "^2.3.1"
  
  "@aws-sdk/util-defaults-mode-browser@3.279.0":
    version "3.279.0"
    resolved "https://registry.npmmirror.com/@aws-sdk/util-defaults-mode-browser/-/util-defaults-mode-browser-3.279.0.tgz#8d16977f0162e272b2d77d67c4588a6374e8bd6e"
    integrity sha512-RnchYRrpapTT5Hu23LOfk6e8RMVq0kUzho6xA6TJj1a4uGxkcRMvgzPipCq1P5uHu0mrkQBg9pGPEVNOUs38/Q==
    dependencies:
      "@aws-sdk/property-provider" "3.272.0"
      "@aws-sdk/types" "3.272.0"
      bowser "^2.11.0"
      tslib "^2.3.1"
  
  "@aws-sdk/util-defaults-mode-node@3.279.0":
    version "3.279.0"
    resolved "https://registry.npmmirror.com/@aws-sdk/util-defaults-mode-node/-/util-defaults-mode-node-3.279.0.tgz#e05c043898e937282c45c1b3bcefab10e569783e"
    integrity sha512-A2NB10xReWC+GSnOivKGZ9rnljIZdEP8WMCQQEnA6DJNI19AUFF/O9QJ9y+cHGLKEms7jH86Y99wShdpzAK+Jw==
    dependencies:
      "@aws-sdk/config-resolver" "3.272.0"
      "@aws-sdk/credential-provider-imds" "3.272.0"
      "@aws-sdk/node-config-provider" "3.272.0"
      "@aws-sdk/property-provider" "3.272.0"
      "@aws-sdk/types" "3.272.0"
      tslib "^2.3.1"
  
  "@aws-sdk/util-endpoints@3.272.0":
    version "3.272.0"
    resolved "https://registry.npmmirror.com/@aws-sdk/util-endpoints/-/util-endpoints-3.272.0.tgz#4e4c849708634c3dd840a11abaacb02c89db46d3"
    integrity sha512-c4MPUaJt2G6gGpoiwIOqDfUa98c1J63RpYvf/spQEKOtC/tF5Gfqlxuq8FnAl5lHnrqj1B9ZXLLxFhHtDR0IiQ==
    dependencies:
      "@aws-sdk/types" "3.272.0"
      tslib "^2.3.1"
  
  "@aws-sdk/util-hex-encoding@3.201.0":
    version "3.201.0"
    resolved "https://registry.npmmirror.com/@aws-sdk/util-hex-encoding/-/util-hex-encoding-3.201.0.tgz#21d7ec319240ee68c33d938e71cb79830bea315d"
    integrity sha512-7t1vR1pVxKx0motd3X9rI3m/xNp78p3sHtP5yo4NP4ARpxyJ0fokBomY8ScaH2D/B+U5o9ARxldJUdMqyBlJcA==
    dependencies:
      tslib "^2.3.1"
  
  "@aws-sdk/util-locate-window@^3.0.0":
    version "3.208.0"
    resolved "https://registry.npmmirror.com/@aws-sdk/util-locate-window/-/util-locate-window-3.208.0.tgz#0f598fc238a1256e4bcb64d01459f03a922dd4c3"
    integrity sha512-iua1A2+P7JJEDHVgvXrRJSvsnzG7stYSGQnBVphIUlemwl6nN5D+QrgbjECtrbxRz8asYFHSzhdhECqN+tFiBg==
    dependencies:
      tslib "^2.3.1"
  
  "@aws-sdk/util-middleware@3.272.0":
    version "3.272.0"
    resolved "https://registry.npmmirror.com/@aws-sdk/util-middleware/-/util-middleware-3.272.0.tgz#ed7d732a34659b07f949e2de39cde66271a3c632"
    integrity sha512-Abw8m30arbwxqmeMMha5J11ESpHUNmCeSqSzE8/C4B8jZQtHY4kq7f+upzcNIQ11lsd+uzBEzNG3+dDRi0XOJQ==
    dependencies:
      tslib "^2.3.1"
  
  "@aws-sdk/util-retry@3.272.0":
    version "3.272.0"
    resolved "https://registry.npmmirror.com/@aws-sdk/util-retry/-/util-retry-3.272.0.tgz#049f777d4a8f9fd7b7ed02e116d3a23ceb34f128"
    integrity sha512-Ngha5414LR4gRHURVKC9ZYXsEJhMkm+SJ+44wlzOhavglfdcKKPUsibz5cKY1jpUV7oKECwaxHWpBB8r6h+hOg==
    dependencies:
      "@aws-sdk/service-error-classification" "3.272.0"
      tslib "^2.3.1"
  
  "@aws-sdk/util-uri-escape@3.201.0":
    version "3.201.0"
    resolved "https://registry.npmmirror.com/@aws-sdk/util-uri-escape/-/util-uri-escape-3.201.0.tgz#5e708d4cde001a4558ee616f889ceacfadd2ab03"
    integrity sha512-TeTWbGx4LU2c5rx0obHeDFeO9HvwYwQtMh1yniBz00pQb6Qt6YVOETVQikRZ+XRQwEyCg/dA375UplIpiy54mA==
    dependencies:
      tslib "^2.3.1"
  
  "@aws-sdk/util-user-agent-browser@3.272.0":
    version "3.272.0"
    resolved "https://registry.npmmirror.com/@aws-sdk/util-user-agent-browser/-/util-user-agent-browser-3.272.0.tgz#9ff8834d38b2178d72cc5c63ba3e089cc1b9a9ae"
    integrity sha512-Lp5QX5bH6uuwBlIdr7w7OAcAI50ttyskb++yUr9i+SPvj6RI2dsfIBaK4mDg1qUdM5LeUdvIyqwj3XHjFKAAvA==
    dependencies:
      "@aws-sdk/types" "3.272.0"
      bowser "^2.11.0"
      tslib "^2.3.1"
  
  "@aws-sdk/util-user-agent-node@3.272.0":
    version "3.272.0"
    resolved "https://registry.npmmirror.com/@aws-sdk/util-user-agent-node/-/util-user-agent-node-3.272.0.tgz#8e8c85d8c3ac4471a309589d91094be14a4260df"
    integrity sha512-ljK+R3l+Q1LIHrcR+Knhk0rmcSkfFadZ8V+crEGpABf/QUQRg7NkZMsoe814tfBO5F7tMxo8wwwSdaVNNHtoRA==
    dependencies:
      "@aws-sdk/node-config-provider" "3.272.0"
      "@aws-sdk/types" "3.272.0"
      tslib "^2.3.1"
  
  "@aws-sdk/util-utf8-browser@^3.0.0":
    version "3.259.0"
    resolved "https://registry.npmmirror.com/@aws-sdk/util-utf8-browser/-/util-utf8-browser-3.259.0.tgz#3275a6f5eb334f96ca76635b961d3c50259fd9ff"
    integrity sha512-UvFa/vR+e19XookZF8RzFZBrw2EUkQWxiBW0yYQAhvk3C+QVGl0H3ouca8LDBlBfQKXwmW3huo/59H8rwb1wJw==
    dependencies:
      tslib "^2.3.1"
  
  "@aws-sdk/util-utf8@3.254.0":
    version "3.254.0"
    resolved "https://registry.npmmirror.com/@aws-sdk/util-utf8/-/util-utf8-3.254.0.tgz#909af9c6549833a9a9bf77004b7484bfc96b2c35"
    integrity sha512-14Kso/eIt5/qfIBmhEL9L1IfyUqswjSTqO2mY7KOzUZ9SZbwn3rpxmtkhmATkRjD7XIlLKaxBkI7tU9Zjzj8Kw==
    dependencies:
      "@aws-sdk/util-buffer-from" "3.208.0"
      tslib "^2.3.1"
  
  "@cspotcode/source-map-support@^0.8.0":
    version "0.8.1"
    resolved "https://registry.npmmirror.com/@cspotcode/source-map-support/-/source-map-support-0.8.1.tgz#00629c35a688e05a88b1cda684fb9d5e73f000a1"
    integrity sha512-IchNf6dN4tHoMFIn/7OE8LWZ19Y6q/67Bmf6vnGREv8RSbBVb9LPJxEcnwrcwX6ixSvaiGoomAUvu4YSxXrVgw==
    dependencies:
      "@jridgewell/trace-mapping" "0.3.9"
  
  "@jridgewell/resolve-uri@^3.0.3":
    version "3.1.0"
    resolved "https://registry.npmmirror.com/@jridgewell/resolve-uri/-/resolve-uri-3.1.0.tgz#2203b118c157721addfe69d47b70465463066d78"
    integrity sha512-F2msla3tad+Mfht5cJq7LSXcdudKTWCVYUgw6pLFOOHSTtZlj6SWNYAp+AhuqLmWdBO2X5hPrLcu8cVP8fy28w==
  
  "@jridgewell/sourcemap-codec@^1.4.10":
    version "1.4.14"
    resolved "https://registry.npmmirror.com/@jridgewell/sourcemap-codec/-/sourcemap-codec-1.4.14.tgz#add4c98d341472a289190b424efbdb096991bb24"
    integrity sha512-XPSJHWmi394fuUuzDnGz1wiKqWfo1yXecHQMRf2l6hztTO+nPru658AyDngaBe7isIxEkRsPR3FZh+s7iVa4Uw==
  
  "@jridgewell/trace-mapping@0.3.9":
    version "0.3.9"
    resolved "https://registry.npmmirror.com/@jridgewell/trace-mapping/-/trace-mapping-0.3.9.tgz#6534fd5933a53ba7cbf3a17615e273a0d1273ff9"
    integrity sha512-3Belt6tdc8bPgAtbcmdtNJlirVoTmEb5e2gC94PnkwEW9jI6CAHUeoG85tjWP5WquqfavoMtMwiG4P926ZKKuQ==
    dependencies:
      "@jridgewell/resolve-uri" "^3.0.3"
      "@jridgewell/sourcemap-codec" "^1.4.10"
  
  "@teamwork/websocket-json-stream@^2.0.0":
    version "2.0.0"
    resolved "https://registry.npmmirror.com/@teamwork/websocket-json-stream/-/websocket-json-stream-2.0.0.tgz#4eba02b1fde23112beef0080a84a4e6db251877e"
    integrity sha512-SCEM44hjNyxYwrtyJrjlHmeTd9RJlZr04BAMbHSBhdW0M2IXv0SC+4XeuRXPiY7U7pJ0W8TSUwVP/28MV/ds0w==
  
  "@tsconfig/node10@^1.0.7":
    version "1.0.9"
    resolved "https://registry.npmmirror.com/@tsconfig/node10/-/node10-1.0.9.tgz#df4907fc07a886922637b15e02d4cebc4c0021b2"
    integrity sha512-jNsYVVxU8v5g43Erja32laIDHXeoNvFEpX33OK4d6hljo3jDhCBDhx5dhCCTMWUojscpAagGiRkBKxpdl9fxqA==
  
  "@tsconfig/node12@^1.0.7":
    version "1.0.11"
    resolved "https://registry.npmmirror.com/@tsconfig/node12/-/node12-1.0.11.tgz#ee3def1f27d9ed66dac6e46a295cffb0152e058d"
    integrity sha512-cqefuRsh12pWyGsIoBKJA9luFu3mRxCA+ORZvA4ktLSzIuCUtWVxGIuXigEwO5/ywWFMZ2QEGKWvkZG1zDMTag==
  
  "@tsconfig/node14@^1.0.0":
    version "1.0.3"
    resolved "https://registry.npmmirror.com/@tsconfig/node14/-/node14-1.0.3.tgz#e4386316284f00b98435bf40f72f75a09dabf6c1"
    integrity sha512-ysT8mhdixWK6Hw3i1V2AeRqZ5WfXg1G43mqoYlM2nc6388Fq5jcXyr5mRsqViLx/GJYdoL0bfXD8nmF+Zn/Iow==
  
  "@tsconfig/node16@^1.0.2":
    version "1.0.3"
    resolved "https://registry.npmmirror.com/@tsconfig/node16/-/node16-1.0.3.tgz#472eaab5f15c1ffdd7f8628bd4c4f753995ec79e"
    integrity sha512-yOlFc+7UtL/89t2ZhjPvvB/DeAr3r+Dq58IgzsFkOAvVC6NMJXmCGjbptdXdR9qsX7pKcTL+s87FtYREi2dEEQ==
  
  "@types/node@*", "@types/node@^18.14.1":
    version "18.14.1"
    resolved "https://registry.npmmirror.com/@types/node/-/node-18.14.1.tgz#90dad8476f1e42797c49d6f8b69aaf9f876fc69f"
    integrity sha512-QH+37Qds3E0eDlReeboBxfHbX9omAcBCXEzswCu6jySP642jiM3cYSIkU/REqwhCUqXdonHFuBfJDiAJxMNhaQ==
  
  "@types/sharedb@^3.2.1":
    version "3.2.1"
    resolved "https://registry.npmmirror.com/@types/sharedb/-/sharedb-3.2.1.tgz#35ade172e730f8457a2f5b2a738635dba4ee8921"
    integrity sha512-QZNx3s7k6L+oxAo6wBhhhbd9EsXQOh4hsUGUT8CUp3Vec4ozg3/eEcTPiIN8AVoSmKojF6JYqb/roWhXjb5SYw==
  
  "@types/webidl-conversions@*":
    version "7.0.0"
    resolved "https://registry.npmmirror.com/@types/webidl-conversions/-/webidl-conversions-7.0.0.tgz#2b8e60e33906459219aa587e9d1a612ae994cfe7"
    integrity sha512-xTE1E+YF4aWPJJeUzaZI5DRntlkY3+BCVJi0axFptnjGmAoWxkyREIh/XMrfxVLejwQxMCfDXdICo0VLxThrog==
  
  "@types/whatwg-url@^8.2.1":
    version "8.2.2"
    resolved "https://registry.npmmirror.com/@types/whatwg-url/-/whatwg-url-8.2.2.tgz#749d5b3873e845897ada99be4448041d4cc39e63"
    integrity sha512-FtQu10RWgn3D9U4aazdwIE2yzphmTJREDqNdODHrbrZmmMqI0vMheC/6NE/J1Yveaj8H+ela+YwWTjq5PGmuhA==
    dependencies:
      "@types/node" "*"
      "@types/webidl-conversions" "*"
  
  "@types/ws@^8.5.4":
    version "8.5.4"
    resolved "https://registry.npmmirror.com/@types/ws/-/ws-8.5.4.tgz#bb10e36116d6e570dd943735f86c933c1587b8a5"
    integrity sha512-zdQDHKUgcX/zBc4GrwsE/7dVdAD8JR4EuiAXiiUhhfyIJXXb2+PrGshFyeXWQPMmmZ2XxgaqclgpIC7eTXc1mg==
    dependencies:
      "@types/node" "*"
  
  abbrev@1:
    version "1.1.1"
    resolved "https://registry.npmmirror.com/abbrev/-/abbrev-1.1.1.tgz#f8f2c887ad10bf67f634f005b6987fed3179aac8"
    integrity sha512-nne9/IiQ/hzIhY6pdDnbBtz7DjPTKrY00P/zvPSm5pOFkl6xuGrGnXn/VtTNNfNtAfZ9/1RtehkszU9qcTii0Q==
  
  acorn-walk@^8.1.1:
    version "8.2.0"
    resolved "https://registry.npmmirror.com/acorn-walk/-/acorn-walk-8.2.0.tgz#741210f2e2426454508853a2f44d0ab83b7f69c1"
    integrity sha512-k+iyHEuPgSw6SbuDpGQM+06HQUa04DZ3o+F6CSzXMvvI5KMvnaEqXe+YVe555R9nn6GPt404fos4wcgpw12SDA==
  
  acorn@^8.4.1:
    version "8.8.2"
    resolved "https://registry.npmmirror.com/acorn/-/acorn-8.8.2.tgz#1b2f25db02af965399b9776b0c2c391276d37c4a"
    integrity sha512-xjIYgE8HBrkpd/sJqOGNspf8uHG+NOHGOw6a/Urj8taM2EXfdNAH2oFcPeIFfsv3+kz/mJrS5VuMqbNLjCa2vw==
  
  anymatch@~3.1.2:
    version "3.1.3"
    resolved "https://registry.npmmirror.com/anymatch/-/anymatch-3.1.3.tgz#790c58b19ba1720a84205b57c618d5ad8524973e"
    integrity sha512-KMReFUr0B4t+D+OBkjR3KYqvocp2XaSzO55UcB6mgQMd3KbcE+mWTyvVV7D/zsdEbNnV6acZUutkiHQXvTr1Rw==
    dependencies:
      normalize-path "^3.0.0"
      picomatch "^2.0.4"
  
  arg@^4.1.0:
    version "4.1.3"
    resolved "https://registry.npmmirror.com/arg/-/arg-4.1.3.tgz#269fc7ad5b8e42cb63c896d5666017261c144089"
    integrity sha512-58S9QDqG0Xx27YwPSt9fJxivjYl432YCwfDMfZ+71RAqUrZef7LrKQZ3LHLOwCS4FLNBplP533Zx895SeOCHvA==
  
  arraydiff@^0.1.1:
    version "0.1.3"
    resolved "https://registry.npmmirror.com/arraydiff/-/arraydiff-0.1.3.tgz#86a5436d7b72f1bdda5fd6d74e8724e42f83ce4d"
    integrity sha512-t0OgO06uolEcMUvV8+yHc9Pc9pazh8wi/Dtyok/sQwvcr8iFV+P86IfAzK7upUDhI4oavhVREMY7iSWtm38LeA==
  
  async@^2.6.3:
    version "2.6.4"
    resolved "https://registry.npmmirror.com/async/-/async-2.6.4.tgz#706b7ff6084664cd7eae713f6f965433b5504221"
    integrity sha512-mzo5dfJYwAn29PeiJ0zvwTo04zj8HDJj0Mn8TD7sno7q12prdbnasKJHhkm2c1LgrhlJ0teaea8860oxi51mGA==
    dependencies:
      lodash "^4.17.14"
  
  balanced-match@^1.0.0:
    version "1.0.2"
    resolved "https://registry.npmmirror.com/balanced-match/-/balanced-match-1.0.2.tgz#e83e3a7e3f300b34cb9d87f615fa0cbf357690ee"
    integrity sha512-3oSeUO0TMV67hN1AmbXsK4yaqU7tjiHlbxRDZOpH0KW9+CeX4bRAaX0Anxt0tx2MrpRpWwQaPwIlISEJhYU5Pw==
  
  base64-js@^1.3.1:
    version "1.5.1"
    resolved "https://registry.npmmirror.com/base64-js/-/base64-js-1.5.1.tgz#1b1b440160a5bf7ad40b650f095963481903930a"
    integrity sha512-AKpaYlHn8t4SVbOHCy+b5+KKgvR4vrsD8vbvrbiQJps7fKDTkjkDry6ji0rUJjC0kzbNePLwzxq8iypo41qeWA==
  
  binary-extensions@^2.0.0:
    version "2.2.0"
    resolved "https://registry.npmmirror.com/binary-extensions/-/binary-extensions-2.2.0.tgz#75f502eeaf9ffde42fc98829645be4ea76bd9e2d"
    integrity sha512-jDctJ/IVQbZoJykoeHbhXpOlNBqGNcwXJKJog42E5HDPUwQTSdjCHdihjj0DlnheQ7blbT6dHOafNAiS8ooQKA==
  
  bowser@^2.11.0:
    version "2.11.0"
    resolved "https://registry.npmmirror.com/bowser/-/bowser-2.11.0.tgz#5ca3c35757a7aa5771500c70a73a9f91ef420a8f"
    integrity sha512-AlcaJBi/pqqJBIQ8U9Mcpc9i8Aqxn88Skv5d+xBX006BY5u8N3mGLHa5Lgppa7L/HfwgwLgZ6NYs+Ag6uUmJRA==
  
  brace-expansion@^1.1.7:
    version "1.1.11"
    resolved "https://registry.npmmirror.com/brace-expansion/-/brace-expansion-1.1.11.tgz#3c7fcbf529d87226f3d2f52b966ff5271eb441dd"
    integrity sha512-iCuPHDFgrHX7H2vEI/5xpz07zSHB00TpugqhmYtVmMO6518mCuRMoOYFldEBl0g187ufozdaHgWKcYFb61qGiA==
    dependencies:
      balanced-match "^1.0.0"
      concat-map "0.0.1"
  
  braces@~3.0.2:
    version "3.0.2"
    resolved "https://registry.npmmirror.com/braces/-/braces-3.0.2.tgz#3454e1a462ee8d599e236df336cd9ea4f8afe107"
    integrity sha512-b8um+L1RzM3WDSzvhm6gIz1yfTbBt6YTlcEKAvsmqCZZFw46z626lVj9j1yEPW33H5H+lBQpZMP1k8l+78Ha0A==
    dependencies:
      fill-range "^7.0.1"
  
  bson@^4.7.0:
    version "4.7.2"
    resolved "https://registry.npmmirror.com/bson/-/bson-4.7.2.tgz#320f4ad0eaf5312dd9b45dc369cc48945e2a5f2e"
    integrity sha512-Ry9wCtIZ5kGqkJoi6aD8KjxFZEx78guTQDnpXWiNthsxzrxAK/i8E6pCHAIZTbaEFWcOCvbecMukfK7XUvyLpQ==
    dependencies:
      buffer "^5.6.0"
  
  buffer@^5.6.0:
    version "5.7.1"
    resolved "https://registry.npmmirror.com/buffer/-/buffer-5.7.1.tgz#ba62e7c13133053582197160851a8f648e99eed0"
    integrity sha512-EHcyIPBQ4BSGlvjB16k5KgAJ27CIsHY/2JBmCRReo48y9rQ3MaUzWX3KVlBa4U7MyX02HdVj0K7C3WaB3ju7FQ==
    dependencies:
      base64-js "^1.3.1"
      ieee754 "^1.1.13"
  
  call-bind@^1.0.0:
    version "1.0.2"
    resolved "https://registry.npmmirror.com/call-bind/-/call-bind-1.0.2.tgz#b1d4e89e688119c3c9a903ad30abb2f6a919be3c"
    integrity sha512-7O+FbCihrB5WGbFYesctwmTKae6rOiIzmz1icreWJ+0aA7LJfuqhEso2T9ncpcFtzMQtzXf2QGGueWJGTYsqrA==
    dependencies:
      function-bind "^1.1.1"
      get-intrinsic "^1.0.2"
  
  chokidar@^3.5.2:
    version "3.5.3"
    resolved "https://registry.npmmirror.com/chokidar/-/chokidar-3.5.3.tgz#1cf37c8707b932bd1af1ae22c0432e2acd1903bd"
    integrity sha512-Dr3sfKRP6oTcjf2JmUmFJfeVMvXBdegxB0iVQ5eb2V10uFJUCAS8OByZdVAyVb8xXNz3GjjTgj9kLWsZTqE6kw==
    dependencies:
      anymatch "~3.1.2"
      braces "~3.0.2"
      glob-parent "~5.1.2"
      is-binary-path "~2.1.0"
      is-glob "~4.0.1"
      normalize-path "~3.0.0"
      readdirp "~3.6.0"
    optionalDependencies:
      fsevents "~2.3.2"
  
  concat-map@0.0.1:
    version "0.0.1"
    resolved "https://registry.npmmirror.com/concat-map/-/concat-map-0.0.1.tgz#d8a96bd77fd68df7793a73036a3ba0d5405d477b"
    integrity sha512-/Srv4dswyQNBfohGpz9o6Yb3Gz3SrUDqBH5rTuhGR7ahtlbYKnVxw2bCFMRljaA7EXHaXZ8wsHdodFvbkhKmqg==
  
  create-require@^1.1.0:
    version "1.1.1"
    resolved "https://registry.npmmirror.com/create-require/-/create-require-1.1.1.tgz#c1d7e8f1e5f6cfc9ff65f9cd352d37348756c333"
    integrity sha512-dcKFX3jn0MpIaXjisoRvexIJVEKzaq7z2rZKxf+MSr9TkdmHmsU4m2lcLojrj/FHl8mk5VxMmYA+ftRkP/3oKQ==
  
  debug@^3.2.7:
    version "3.2.7"
    resolved "https://registry.npmmirror.com/debug/-/debug-3.2.7.tgz#72580b7e9145fb39b6676f9c5e5fb100b934179a"
    integrity sha512-CFjzYYAi4ThfiQvizrFQevTTXHtnCqWfe7x1AhgEscTz6ZbLbfoLRLPugTQyBth6f8ZERVUSyWHFD/7Wu4t1XQ==
    dependencies:
      ms "^2.1.1"
  
  diff@^4.0.1:
    version "4.0.2"
    resolved "https://registry.npmmirror.com/diff/-/diff-4.0.2.tgz#60f3aecb89d5fae520c11aa19efc2bb982aade7d"
    integrity sha512-58lmxKSA4BNyLz+HHMUzlOEpg09FV+ev6ZMe3vJihgdxzgcwZ8VoEEPmALCZG9LmqfVoNMMKpttIYTVG6uDY7A==
  
  fast-deep-equal@^2.0.1:
    version "2.0.1"
    resolved "https://registry.npmmirror.com/fast-deep-equal/-/fast-deep-equal-2.0.1.tgz#7b05218ddf9667bf7f370bf7fdb2cb15fdd0aa49"
    integrity sha512-bCK/2Z4zLidyB4ReuIsvALH6w31YfAQDmXMqMx6FyfHqvBxtjC0eRumeSu4Bs3XtXwpyIywtSTrVT99BxY1f9w==
  
  fast-xml-parser@4.1.2:
    version "4.1.2"
    resolved "https://registry.npmmirror.com/fast-xml-parser/-/fast-xml-parser-4.1.2.tgz#5a98c18238d28a57bbdfa9fe4cda01211fff8f4a"
    integrity sha512-CDYeykkle1LiA/uqQyNwYpFbyF6Axec6YapmpUP+/RHWIoR1zKjocdvNaTsxCxZzQ6v9MLXaSYm9Qq0thv0DHg==
    dependencies:
      strnum "^1.0.5"
  
  fill-range@^7.0.1:
    version "7.0.1"
    resolved "https://registry.npmmirror.com/fill-range/-/fill-range-7.0.1.tgz#1919a6a7c75fe38b2c7c77e5198535da9acdda40"
    integrity sha512-qOo9F+dMUmC2Lcb4BbVvnKJxTPjCm+RRpe4gDuGrzkL7mEVl/djYSu2OdQ2Pa302N4oqkSg9ir6jaLWJ2USVpQ==
    dependencies:
      to-regex-range "^5.0.1"
  
  fsevents@~2.3.2:
    version "2.3.2"
    resolved "https://registry.npmmirror.com/fsevents/-/fsevents-2.3.2.tgz#8a526f78b8fdf4623b709e0b975c52c24c02fd1a"
    integrity sha512-xiqMQR4xAeHTuB9uWm+fFRcIOgKBMiOBP+eXiyT7jsgVCq1bkVygt00oASowB7EdtpOHaaPgKt812P9ab+DDKA==
  
  function-bind@^1.1.1:
    version "1.1.1"
    resolved "https://registry.npmmirror.com/function-bind/-/function-bind-1.1.1.tgz#a56899d3ea3c9bab874bb9773b7c5ede92f4895d"
    integrity sha512-yIovAzMX49sF8Yl58fSCWJ5svSLuaibPxXQJFLmBObTuCr0Mf1KiPopGM9NiFjiYBCbfaa2Fh6breQ6ANVTI0A==
  
  get-intrinsic@^1.0.2:
    version "1.2.0"
    resolved "https://registry.npmmirror.com/get-intrinsic/-/get-intrinsic-1.2.0.tgz#7ad1dc0535f3a2904bba075772763e5051f6d05f"
    integrity sha512-L049y6nFOuom5wGyRc3/gdTLO94dySVKRACj1RmJZBQXlbTMhtNIgkWkUHq+jYmZvKf14EW1EoJnnjbmoHij0Q==
    dependencies:
      function-bind "^1.1.1"
      has "^1.0.3"
      has-symbols "^1.0.3"
  
  glob-parent@~5.1.2:
    version "5.1.2"
    resolved "https://registry.npmmirror.com/glob-parent/-/glob-parent-5.1.2.tgz#869832c58034fe68a4093c17dc15e8340d8401c4"
    integrity sha512-AOIgSQCepiJYwP3ARnGx+5VnTu2HBYdzbGP45eLw1vr3zB3vZLeyed1sC9hnbcOc9/SrMyM5RPQrkGz4aS9Zow==
    dependencies:
      is-glob "^4.0.1"
  
  has-flag@^3.0.0:
    version "3.0.0"
    resolved "https://registry.npmmirror.com/has-flag/-/has-flag-3.0.0.tgz#b5d454dc2199ae225699f3467e5a07f3b955bafd"
    integrity sha512-sKJf1+ceQBr4SMkvQnBDNDtf4TXpVhVGateu0t918bl30FnbE2m4vNLX+VWe/dpjlb+HugGYzW7uQXH98HPEYw==
  
  has-symbols@^1.0.3:
    version "1.0.3"
    resolved "https://registry.npmmirror.com/has-symbols/-/has-symbols-1.0.3.tgz#bb7b2c4349251dce87b125f7bdf874aa7c8b39f8"
    integrity sha512-l3LCuF6MgDNwTDKkdYGEihYjt5pRPbEg46rtlmnSPlUbgmB8LOIrKJbYYFBSbnPaJexMKtiPO8hmeRjRz2Td+A==
  
  has@^1.0.3:
    version "1.0.3"
    resolved "https://registry.npmmirror.com/has/-/has-1.0.3.tgz#722d7cbfc1f6aa8241f16dd814e011e1f41e8796"
    integrity sha512-f2dvO0VU6Oej7RkWJGrehjbzMAjFp5/VKPp5tTpWIV4JHHZK1/BxbFRtf/siA2SWTe09caDmVtYYzWEIbBS4zw==
    dependencies:
      function-bind "^1.1.1"
  
  hat@0.0.3:
    version "0.0.3"
    resolved "https://registry.npmmirror.com/hat/-/hat-0.0.3.tgz#bb014a9e64b3788aed8005917413d4ff3d502d8a"
    integrity sha512-zpImx2GoKXy42fVDSEad2BPKuSQdLcqsCYa48K3zHSzM/ugWuYjLDr8IXxpVuL7uCLHw56eaiLxCRthhOzf5ug==
  
  ieee754@^1.1.13:
    version "1.2.1"
    resolved "https://registry.npmmirror.com/ieee754/-/ieee754-1.2.1.tgz#8eb7a10a63fff25d15a57b001586d177d1b0d352"
    integrity sha512-dcyqhDvX1C46lXZcVqCpK+FtMRQVdIMN6/Df5js2zouUsqG7I6sFxitIC+7KYK29KdXOLHdu9zL4sFnoVQnqaA==
  
  ignore-by-default@^1.0.1:
    version "1.0.1"
    resolved "https://registry.npmmirror.com/ignore-by-default/-/ignore-by-default-1.0.1.tgz#48ca6d72f6c6a3af00a9ad4ae6876be3889e2b09"
    integrity sha512-Ius2VYcGNk7T90CppJqcIkS5ooHUZyIQK+ClZfMfMNFEF9VSE73Fq+906u/CWu92x4gzZMWOwfFYckPObzdEbA==
  
  ip@^2.0.0:
    version "2.0.0"
    resolved "https://registry.npmmirror.com/ip/-/ip-2.0.0.tgz#4cf4ab182fee2314c75ede1276f8c80b479936da"
    integrity sha512-WKa+XuLG1A1R0UWhl2+1XQSi+fZWMsYKffMZTTYsiZaUD8k2yDAj5atimTUD2TZkyCkNEeYE5NhFZmupOGtjYQ==
  
  is-binary-path@~2.1.0:
    version "2.1.0"
    resolved "https://registry.npmmirror.com/is-binary-path/-/is-binary-path-2.1.0.tgz#ea1f7f3b80f064236e83470f86c09c254fb45b09"
    integrity sha512-ZMERYes6pDydyuGidse7OsHxtbI7WVeUEozgR/g7rd0xUimYNlvZRE/K2MgZTjWy725IfelLeVcEM97mmtRGXw==
    dependencies:
      binary-extensions "^2.0.0"
  
  is-extglob@^2.1.1:
    version "2.1.1"
    resolved "https://registry.npmmirror.com/is-extglob/-/is-extglob-2.1.1.tgz#a88c02535791f02ed37c76a1b9ea9773c833f8c2"
    integrity sha512-SbKbANkN603Vi4jEZv49LeVJMn4yGwsbzZworEoyEiutsN3nJYdbO36zfhGJ6QEDpOZIFkDtnq5JRxmvl3jsoQ==
  
  is-glob@^4.0.1, is-glob@~4.0.1:
    version "4.0.3"
    resolved "https://registry.npmmirror.com/is-glob/-/is-glob-4.0.3.tgz#64f61e42cbbb2eec2071a9dac0b28ba1e65d5084"
    integrity sha512-xelSayHH36ZgE7ZWhli7pW34hNbNl8Ojv5KVmkJD4hBdD3th8Tfk9vYasLM+mXWOZhFkgZfxhLSnrwRr4elSSg==
    dependencies:
      is-extglob "^2.1.1"
  
  is-number@^7.0.0:
    version "7.0.0"
    resolved "https://registry.npmmirror.com/is-number/-/is-number-7.0.0.tgz#7535345b896734d5f80c4d06c50955527a14f12b"
    integrity sha512-41Cifkg6e8TylSpdtTpeLVMqvSBEVzTttHvERD741+pnZ8ANv0004MRL43QKPDlK9cGvNp6NZWZUBlbGXYxxng==
  
  lodash@^4.17.14:
    version "4.17.21"
    resolved "https://registry.npmmirror.com/lodash/-/lodash-4.17.21.tgz#679591c564c3bffaae8454cf0b3df370c3d6911c"
    integrity sha512-v2kDEe57lecTulaDIuNTPy3Ry4gLGJ6Z1O3vE1krgXZNrsQ+LFTGHVxVjcXPs17LhbZVGedAJv8XZ1tvj5FvSg==
  
  make-error@^1.1.1:
    version "1.3.6"
    resolved "https://registry.npmmirror.com/make-error/-/make-error-1.3.6.tgz#2eb2e37ea9b67c4891f684a1394799af484cf7a2"
    integrity sha512-s8UhlNe7vPKomQhC1qFelMokr/Sc3AgNbso3n74mVPA5LTZwkB9NlXf4XPamLxJE8h0gh73rM94xvwRT2CVInw==
  
  memory-pager@^1.0.2:
    version "1.5.0"
    resolved "https://registry.npmmirror.com/memory-pager/-/memory-pager-1.5.0.tgz#d8751655d22d384682741c972f2c3d6dfa3e66b5"
    integrity sha512-ZS4Bp4r/Zoeq6+NLJpP+0Zzm0pR8whtGPf1XExKLJBAczGMnSi3It14OiNCStjQjM6NU1okjQGSxgEZN8eBYKg==
  
  minimatch@^3.1.2:
    version "3.1.2"
    resolved "https://registry.npmmirror.com/minimatch/-/minimatch-3.1.2.tgz#19cd194bfd3e428f049a70817c038d89ab4be35b"
    integrity sha512-J7p63hRiAjw1NDEww1W7i37+ByIrOWO5XQQAzZ3VOcL0PNybwpfmV/N05zFAzwQ9USyEcX6t3UO+K5aqBQOIHw==
    dependencies:
      brace-expansion "^1.1.7"
  
  mongodb-connection-string-url@^2.5.4:
    version "2.6.0"
    resolved "https://registry.npmmirror.com/mongodb-connection-string-url/-/mongodb-connection-string-url-2.6.0.tgz#57901bf352372abdde812c81be47b75c6b2ec5cf"
    integrity sha512-WvTZlI9ab0QYtTYnuMLgobULWhokRjtC7db9LtcVfJ+Hsnyr5eo6ZtNAt3Ly24XZScGMelOcGtm7lSn0332tPQ==
    dependencies:
      "@types/whatwg-url" "^8.2.1"
      whatwg-url "^11.0.0"
  
  "mongodb@^2.1.2 || ^3.1.13 || ^4.0.0":
    version "4.14.0"
    resolved "https://registry.npmmirror.com/mongodb/-/mongodb-4.14.0.tgz#3a21ca602069b2494b7066a7709056c8cece6bf6"
    integrity sha512-coGKkWXIBczZPr284tYKFLg+KbGPPLlSbdgfKAb6QqCFt5bo5VFZ50O3FFzsw4rnkqjwT6D8Qcoo9nshYKM7Mg==
    dependencies:
      bson "^4.7.0"
      mongodb-connection-string-url "^2.5.4"
      socks "^2.7.1"
    optionalDependencies:
      "@aws-sdk/credential-providers" "^3.186.0"
      saslprep "^1.0.3"
  
  ms@^2.1.1:
    version "2.1.3"
    resolved "https://registry.npmmirror.com/ms/-/ms-2.1.3.tgz#574c8138ce1d2b5861f0b44579dbadd60c6615b2"
    integrity sha512-6FlzubTLZG3J2a/NVCAleEhjzq5oxgHyaCU9yYXvcLsvoVaHJq/s5xXI6/XXP6tz7R9xAOtHnSO/tXtF3WRTlA==
  
  nodemon@^2.0.20:
    version "2.0.20"
    resolved "https://registry.npmmirror.com/nodemon/-/nodemon-2.0.20.tgz#e3537de768a492e8d74da5c5813cb0c7486fc701"
    integrity sha512-Km2mWHKKY5GzRg6i1j5OxOHQtuvVsgskLfigG25yTtbyfRGn/GNvIbRyOf1PSCKJ2aT/58TiuUsuOU5UToVViw==
    dependencies:
      chokidar "^3.5.2"
      debug "^3.2.7"
      ignore-by-default "^1.0.1"
      minimatch "^3.1.2"
      pstree.remy "^1.1.8"
      semver "^5.7.1"
      simple-update-notifier "^1.0.7"
      supports-color "^5.5.0"
      touch "^3.1.0"
      undefsafe "^2.0.5"
  
  nopt@~1.0.10:
    version "1.0.10"
    resolved "https://registry.npmmirror.com/nopt/-/nopt-1.0.10.tgz#6ddd21bd2a31417b92727dd585f8a6f37608ebee"
    integrity sha512-NWmpvLSqUrgrAC9HCuxEvb+PSloHpqVu+FqcO4eeF2h5qYRhA7ev6KvelyQAKtegUbC6RypJnlEOhd8vloNKYg==
    dependencies:
      abbrev "1"
  
  normalize-path@^3.0.0, normalize-path@~3.0.0:
    version "3.0.0"
    resolved "https://registry.npmmirror.com/normalize-path/-/normalize-path-3.0.0.tgz#0dcd69ff23a1c9b11fd0978316644a0388216a65"
    integrity sha512-6eZs5Ls3WtCisHWp9S2GUy8dqkpGi4BVSz3GaqiE6ezub0512ESztXUwUB6C6IKbQkY2Pnb/mD4WYojCRwcwLA==
  
  object-inspect@^1.9.0:
    version "1.12.3"
    resolved "https://registry.npmmirror.com/object-inspect/-/object-inspect-1.12.3.tgz#ba62dffd67ee256c8c086dfae69e016cd1f198b9"
    integrity sha512-geUvdk7c+eizMNUDkRpW1wJwgfOiOeHbxBR/hLXK1aT6zmVSO0jsQcs7fj6MGw89jC/cjGfLcNOrtMYtGqm81g==
  
  ot-json0@^1.0.1:
    version "1.1.0"
    resolved "https://registry.npmmirror.com/ot-json0/-/ot-json0-1.1.0.tgz#f5edeff162673b62f0f136bb64724c40ac5e590d"
    integrity sha512-wf5fci7GGpMYRDnbbdIFQymvhsbFACMHtxjivQo5KgvAHlxekyfJ9aPsRr6YfFQthQkk4bmsl5yESrZwC/oMYQ==
  
  ot-json1@^1.0.2:
    version "1.0.2"
    resolved "https://registry.npmmirror.com/ot-json1/-/ot-json1-1.0.2.tgz#319c98d29af2d0344b84c9b99cbbd95826b16ef7"
    integrity sha512-IhxkqVWQqlkWULoi/Q2AdzKk0N5vQRbUMUwubFXFCPcY4TsOZjmp2YKrk0/z1TeiECPadWEK060sdFdQ3Grokg==
    dependencies:
      ot-text-unicode "4"
  
  ot-text-unicode@4:
    version "4.0.0"
    resolved "https://registry.npmmirror.com/ot-text-unicode/-/ot-text-unicode-4.0.0.tgz#778a327535c81ed265b36ebe1bd677f31bae1e32"
    integrity sha512-W7ZLU8QXesY2wagYFv47zErXud3E93FGImmSGJsQnBzE+idcPPyo2u2KMilIrTwBh4pbCizy71qRjmmV6aDhcQ==
    dependencies:
      unicount "1.1"
  
  picomatch@^2.0.4, picomatch@^2.2.1:
    version "2.3.1"
    resolved "https://registry.npmmirror.com/picomatch/-/picomatch-2.3.1.tgz#3ba3833733646d9d3e4995946c1365a67fb07a42"
    integrity sha512-JU3teHTNjmE2VCGFzuY8EXzCDVwEqB2a8fsIvwaStHhAWJEeVd1o1QD80CU6+ZdEXXSLbSsuLwJjkCBWqRQUVA==
  
  pstree.remy@^1.1.8:
    version "1.1.8"
    resolved "https://registry.npmmirror.com/pstree.remy/-/pstree.remy-1.1.8.tgz#c242224f4a67c21f686839bbdb4ac282b8373d3a"
    integrity sha512-77DZwxQmxKnu3aR542U+X8FypNzbfJ+C5XQDk3uWjWxn6151aIMGthWYRXTqT1E5oJvg+ljaa2OJi+VfvCOQ8w==
  
  punycode@1.3.2:
    version "1.3.2"
    resolved "https://registry.npmmirror.com/punycode/-/punycode-1.3.2.tgz#9653a036fb7c1ee42342f2325cceefea3926c48d"
    integrity sha512-RofWgt/7fL5wP1Y7fxE7/EmTLzQVnB0ycyibJ0OOHIlJqTNzglYFxVwETOcIoJqJmpDXJ9xImDv+Fq34F/d4Dw==
  
  punycode@^2.1.1:
    version "2.3.0"
    resolved "https://registry.npmmirror.com/punycode/-/punycode-2.3.0.tgz#f67fa67c94da8f4d0cfff981aee4118064199b8f"
    integrity sha512-rRV+zQD8tVFys26lAGR9WUuS4iUAngJScM+ZRSKtvl5tKeZ2t5bvdNFdNHBW9FWR4guGHlgmsZ1G7BSm2wTbuA==
  
  qs@^6.11.0:
    version "6.11.0"
    resolved "https://registry.npmmirror.com/qs/-/qs-6.11.0.tgz#fd0d963446f7a65e1367e01abd85429453f0c37a"
    integrity sha512-MvjoMCJwEarSbUYk5O+nmoSzSutSsTwF85zcHPQ9OrlFoZOYIjaqBAJIqIXjptyD5vThxGq52Xu/MaJzRkIk4Q==
    dependencies:
      side-channel "^1.0.4"
  
  querystring@0.2.0:
    version "0.2.0"
    resolved "https://registry.npmmirror.com/querystring/-/querystring-0.2.0.tgz#b209849203bb25df820da756e747005878521620"
    integrity sha512-X/xY82scca2tau62i9mDyU9K+I+djTMUsvwf7xnUX5GLvVzgJybOJf4Y6o9Zx3oJK/LSXg5tTZBjwzqVPaPO2g==
  
  readdirp@~3.6.0:
    version "3.6.0"
    resolved "https://registry.npmmirror.com/readdirp/-/readdirp-3.6.0.tgz#74a370bd857116e245b29cc97340cd431a02a6c7"
    integrity sha512-hOS089on8RduqdbhvQ5Z37A0ESjsqz6qnRcffsMU3495FuTdqSm+7bhJ29JvIOsBDEEnan5DPu9t3To9VRlMzA==
    dependencies:
      picomatch "^2.2.1"
  
  saslprep@^1.0.3:
    version "1.0.3"
    resolved "https://registry.npmmirror.com/saslprep/-/saslprep-1.0.3.tgz#4c02f946b56cf54297e347ba1093e7acac4cf226"
    integrity sha512-/MY/PEMbk2SuY5sScONwhUDsV2p77Znkb/q3nSVstq/yQzYJOH/Azh29p9oJLsl3LnQwSvZDKagDGBsBwSooag==
    dependencies:
      sparse-bitfield "^3.0.3"
  
  semver@^5.7.1:
    version "5.7.1"
    resolved "https://registry.npmmirror.com/semver/-/semver-5.7.1.tgz#a954f931aeba508d307bbf069eff0c01c96116f7"
    integrity sha512-sauaDf/PZdVgrLTNYHRtpXa1iRiKcaebiKQ1BJdpQlWH2lCvexQdX55snPFyK7QzpudqbCI0qXFfOasHdyNDGQ==
  
  semver@~7.0.0:
    version "7.0.0"
    resolved "https://registry.npmmirror.com/semver/-/semver-7.0.0.tgz#5f3ca35761e47e05b206c6daff2cf814f0316b8e"
    integrity sha512-+GB6zVA9LWh6zovYQLALHwv5rb2PHGlJi3lfiqIHxR0uuwCgefcOJc59v9fv1w8GbStwxuuqqAjI9NMAOOgq1A==
  
  sharedb-mongo@^2.0.0:
    version "2.0.0"
    resolved "https://registry.npmmirror.com/sharedb-mongo/-/sharedb-mongo-2.0.0.tgz#a464b9479e1f2e5fe0df222fff7995f08b713403"
    integrity sha512-IBEpMcgBmMz7EbBl+EfsVUbgFFr+PkV8MYLF/3HaI8Tq98mO5hdC9PJY0Xz5dxocADFkoa72NYgysScNBngPtA==
    dependencies:
      async "^2.6.3"
      mongodb "^2.1.2 || ^3.1.13 || ^4.0.0"
      sharedb "^1.9.1 || ^2.0.0 || ^3.0.0"
  
  "sharedb@^1.9.1 || ^2.0.0 || ^3.0.0", sharedb@^3.2.4:
    version "3.2.4"
    resolved "https://registry.npmmirror.com/sharedb/-/sharedb-3.2.4.tgz#661be9aec6f35de85143bf052f6d150d7b6c7010"
    integrity sha512-stcEhAqqScOf6D1Nxg7sjIDnWBahVztlNJ5UgDkxIF2x/0I+2WeQS/lqY7MikAttgm0dNyo2CPm+hT3kuyaVLw==
    dependencies:
      arraydiff "^0.1.1"
      async "^2.6.3"
      fast-deep-equal "^2.0.1"
      hat "0.0.3"
      ot-json0 "^1.0.1"
  
  side-channel@^1.0.4:
    version "1.0.4"
    resolved "https://registry.npmmirror.com/side-channel/-/side-channel-1.0.4.tgz#efce5c8fdc104ee751b25c58d4290011fa5ea2cf"
    integrity sha512-q5XPytqFEIKHkGdiMIrY10mvLRvnQh42/+GoBlFW3b2LXLE2xxJpZFdm94we0BaoV3RwJyGqg5wS7epxTv0Zvw==
    dependencies:
      call-bind "^1.0.0"
      get-intrinsic "^1.0.2"
      object-inspect "^1.9.0"
  
  simple-update-notifier@^1.0.7:
    version "1.1.0"
    resolved "https://registry.npmmirror.com/simple-update-notifier/-/simple-update-notifier-1.1.0.tgz#67694c121de354af592b347cdba798463ed49c82"
    integrity sha512-VpsrsJSUcJEseSbMHkrsrAVSdvVS5I96Qo1QAQ4FxQ9wXFcB+pjj7FB7/us9+GcgfW4ziHtYMc1J0PLczb55mg==
    dependencies:
      semver "~7.0.0"
  
  smart-buffer@^4.2.0:
    version "4.2.0"
    resolved "https://registry.npmmirror.com/smart-buffer/-/smart-buffer-4.2.0.tgz#6e1d71fa4f18c05f7d0ff216dd16a481d0e8d9ae"
    integrity sha512-94hK0Hh8rPqQl2xXc3HsaBoOXKV20MToPkcXvwbISWLEs+64sBq5kFgn2kJDHb1Pry9yrP0dxrCI9RRci7RXKg==
  
  socks@^2.7.1:
    version "2.7.1"
    resolved "https://registry.npmmirror.com/socks/-/socks-2.7.1.tgz#d8e651247178fde79c0663043e07240196857d55"
    integrity sha512-7maUZy1N7uo6+WVEX6psASxtNlKaNVMlGQKkG/63nEDdLOWNbiUMoLK7X4uYoLhQstau72mLgfEWcXcwsaHbYQ==
    dependencies:
      ip "^2.0.0"
      smart-buffer "^4.2.0"
  
  sparse-bitfield@^3.0.3:
    version "3.0.3"
    resolved "https://registry.npmmirror.com/sparse-bitfield/-/sparse-bitfield-3.0.3.tgz#ff4ae6e68656056ba4b3e792ab3334d38273ca11"
    integrity sha512-kvzhi7vqKTfkh0PZU+2D2PIllw2ymqJKujUcyPMd9Y75Nv4nPbGJZXNhxsgdQab2BmlDct1YnfQCguEvHr7VsQ==
    dependencies:
      memory-pager "^1.0.2"
  
  strnum@^1.0.5:
    version "1.0.5"
    resolved "https://registry.npmmirror.com/strnum/-/strnum-1.0.5.tgz#5c4e829fe15ad4ff0d20c3db5ac97b73c9b072db"
    integrity sha512-J8bbNyKKXl5qYcR36TIO8W3mVGVHrmmxsd5PAItGkmyzwJvybiw2IVq5nqd0i4LSNSkB/sx9VHllbfFdr9k1JA==
  
  supports-color@^5.5.0:
    version "5.5.0"
    resolved "https://registry.npmmirror.com/supports-color/-/supports-color-5.5.0.tgz#e2e69a44ac8772f78a1ec0b35b689df6530efc8f"
    integrity sha512-QjVjwdXIt408MIiAqCX4oUKsgU2EqAGzs2Ppkm4aQYbjm+ZEWEcW4SfFNTr4uMNZma0ey4f5lgLrkB0aX0QMow==
    dependencies:
      has-flag "^3.0.0"
  
  to-regex-range@^5.0.1:
    version "5.0.1"
    resolved "https://registry.npmmirror.com/to-regex-range/-/to-regex-range-5.0.1.tgz#1648c44aae7c8d988a326018ed72f5b4dd0392e4"
    integrity sha512-65P7iz6X5yEr1cwcgvQxbbIw7Uk3gOy5dIdtZ4rDveLqhrdJP+Li/Hx6tyK0NEb+2GCyneCMJiGqrADCSNk8sQ==
    dependencies:
      is-number "^7.0.0"
  
  touch@^3.1.0:
    version "3.1.0"
    resolved "https://registry.npmmirror.com/touch/-/touch-3.1.0.tgz#fe365f5f75ec9ed4e56825e0bb76d24ab74af83b"
    integrity sha512-WBx8Uy5TLtOSRtIq+M03/sKDrXCLHxwDcquSP2c43Le03/9serjQBIztjRz6FkJez9D/hleyAXTBGLwwZUw9lA==
    dependencies:
      nopt "~1.0.10"
  
  tr46@^3.0.0:
    version "3.0.0"
    resolved "https://registry.npmmirror.com/tr46/-/tr46-3.0.0.tgz#555c4e297a950617e8eeddef633c87d4d9d6cbf9"
    integrity sha512-l7FvfAHlcmulp8kr+flpQZmVwtu7nfRV7NZujtN0OqES8EL4O4e0qqzL0DC5gAvx/ZC/9lk6rhcUwYvkBnBnYA==
    dependencies:
      punycode "^2.1.1"
  
  ts-node@^10.9.1:
    version "10.9.1"
    resolved "https://registry.npmmirror.com/ts-node/-/ts-node-10.9.1.tgz#e73de9102958af9e1f0b168a6ff320e25adcff4b"
    integrity sha512-NtVysVPkxxrwFGUUxGYhfux8k78pQB3JqYBXlLRZgdGUqTO5wU/UyHop5p70iEbGhB7q5KmiZiU0Y3KlJrScEw==
    dependencies:
      "@cspotcode/source-map-support" "^0.8.0"
      "@tsconfig/node10" "^1.0.7"
      "@tsconfig/node12" "^1.0.7"
      "@tsconfig/node14" "^1.0.0"
      "@tsconfig/node16" "^1.0.2"
      acorn "^8.4.1"
      acorn-walk "^8.1.1"
      arg "^4.1.0"
      create-require "^1.1.0"
      diff "^4.0.1"
      make-error "^1.1.1"
      v8-compile-cache-lib "^3.0.1"
      yn "3.1.1"
  
  tslib@^1.11.1:
    version "1.14.1"
    resolved "https://registry.npmmirror.com/tslib/-/tslib-1.14.1.tgz#cf2d38bdc34a134bcaf1091c41f6619e2f672d00"
    integrity sha512-Xni35NKzjgMrwevysHTCArtLDpPvye8zV/0E4EyYn43P7/7qvQwPh9BGkHewbMulVntbigmcT7rdX3BNo9wRJg==
  
  tslib@^2.3.1:
    version "2.5.0"
    resolved "https://registry.npmmirror.com/tslib/-/tslib-2.5.0.tgz#42bfed86f5787aeb41d031866c8f402429e0fddf"
    integrity sha512-336iVw3rtn2BUK7ORdIAHTyxHGRIHVReokCR3XjbckJMK7ms8FysBfhLR8IXnAgy7T0PTPNBWKiH514FOW/WSg==
  
  typescript@^4.9.5:
    version "4.9.5"
    resolved "https://registry.npmmirror.com/typescript/-/typescript-4.9.5.tgz#095979f9bcc0d09da324d58d03ce8f8374cbe65a"
    integrity sha512-1FXk9E2Hm+QzZQ7z+McJiHL4NW1F2EzMu9Nq9i3zAaGqibafqYwCVU6WyWAuyQRRzOlxou8xZSyXLEN8oKj24g==
  
  undefsafe@^2.0.5:
    version "2.0.5"
    resolved "https://registry.npmmirror.com/undefsafe/-/undefsafe-2.0.5.tgz#38733b9327bdcd226db889fb723a6efd162e6e2c"
    integrity sha512-WxONCrssBM8TSPRqN5EmsjVrsv4A8X12J4ArBiiayv3DyyG3ZlIg6yysuuSYdZsVz3TKcTg2fd//Ujd4CHV1iA==
  
  unicount@1.1:
    version "1.1.0"
    resolved "https://registry.npmmirror.com/unicount/-/unicount-1.1.0.tgz#396a3df661c19675a93861ac878c2c9c0042abf0"
    integrity sha512-RlwWt1ywVW4WErPGAVHw/rIuJ2+MxvTME0siJ6lk9zBhpDfExDbspe6SRlWT3qU6AucNjotPl9qAJRVjP7guCQ==
  
  url@^0.11.0:
    version "0.11.0"
    resolved "https://registry.npmmirror.com/url/-/url-0.11.0.tgz#3838e97cfc60521eb73c525a8e55bfdd9e2e28f1"
    integrity sha512-kbailJa29QrtXnxgq+DdCEGlbTeYM2eJUxsz6vjZavrCYPMIFHMKQmSKYAIuUK2i7hgPm28a8piX5NTUtM/LKQ==
    dependencies:
      punycode "1.3.2"
      querystring "0.2.0"
  
  uuid@^8.3.2:
    version "8.3.2"
    resolved "https://registry.npmmirror.com/uuid/-/uuid-8.3.2.tgz#80d5b5ced271bb9af6c445f21a1a04c606cefbe2"
    integrity sha512-+NYs2QeMWy+GWFOEm9xnn6HCDp0l7QBD7ml8zLUmJ+93Q5NF0NocErnwkTkXVFNiX3/fpC6afS8Dhb/gz7R7eg==
  
  v8-compile-cache-lib@^3.0.1:
    version "3.0.1"
    resolved "https://registry.npmmirror.com/v8-compile-cache-lib/-/v8-compile-cache-lib-3.0.1.tgz#6336e8d71965cb3d35a1bbb7868445a7c05264bf"
    integrity sha512-wa7YjyUGfNZngI/vtK0UHAN+lgDCxBPCylVXGp0zu59Fz5aiGtNXaq3DhIov063MorB+VfufLh3JlF2KdTK3xg==
  
  webidl-conversions@^7.0.0:
    version "7.0.0"
    resolved "https://registry.npmmirror.com/webidl-conversions/-/webidl-conversions-7.0.0.tgz#256b4e1882be7debbf01d05f0aa2039778ea080a"
    integrity sha512-VwddBukDzu71offAQR975unBIGqfKZpM+8ZX6ySk8nYhVoo5CYaZyzt3YBvYtRtO+aoGlqxPg/B87NGVZ/fu6g==
  
  whatwg-url@^11.0.0:
    version "11.0.0"
    resolved "https://registry.npmmirror.com/whatwg-url/-/whatwg-url-11.0.0.tgz#0a849eebb5faf2119b901bb76fd795c2848d4018"
    integrity sha512-RKT8HExMpoYx4igMiVMY83lN6UeITKJlBQ+vR/8ZJ8OCdSiN3RwCq+9gH0+Xzj0+5IrM6i4j/6LuvzbZIQgEcQ==
    dependencies:
      tr46 "^3.0.0"
      webidl-conversions "^7.0.0"
  
  ws@^8.12.1:
    version "8.12.1"
    resolved "https://registry.npmmirror.com/ws/-/ws-8.12.1.tgz#c51e583d79140b5e42e39be48c934131942d4a8f"
    integrity sha512-1qo+M9Ba+xNhPB+YTWUlK6M17brTut5EXbcBaMRN5pH5dFrXz7lzz1ChFSUq3bOUl8yEvSenhHmYUNJxFzdJew==
  
  yn@3.1.1:
    version "3.1.1"
    resolved "https://registry.npmmirror.com/yn/-/yn-3.1.1.tgz#1e87401a09d767c1d5eab26a6e4c185182d2eb50"
    integrity sha512-Ux4ygGWsu2c7isFWe8Yu1YluJmqVhxqK2cLXNQA5AcC3QfbGNpM7fu0Y8b/z16pXLnFxZYvWhd3fhBY9DLmC6Q==
